<?xml version="1.0" encoding="UTF-8"?>
<robot generator="Robot 7.0.1 (Python 3.12.4 on win32)" generated="2024-09-10T22:06:06.288764" rpa="false" schemaversion="5">
<suite id="s1" name="Tests" source="C:\Projekty_Python\Robot2\BestHouseEver\Tests">
<suite id="s1-s1" name="Searching" source="C:\Projekty_Python\Robot2\BestHouseEver\Tests\Searching.robot">
<test id="s1-s1-t1" name="Searching in otodom mieszkania" line="10">
<kw name="Open Browser With Custom Profile" owner="searching" type="SETUP">
<kw name="Open Browser" owner="SeleniumLibrary">
<msg time="2024-09-10T22:06:07.121600" level="INFO">Opening browser 'Firefox' to base url 'https://www.otodom.pl'.</msg>
<arg>${HOME_URL}</arg>
<arg>${BROWSER}</arg>
<doc>Opens a new browser instance to the optional ``url``.</doc>
<status status="PASS" start="2024-09-10T22:06:07.121071" elapsed="7.184077"/>
</kw>
<kw name="Maximize Browser Window" owner="SeleniumLibrary">
<doc>Maximizes current browser window.</doc>
<status status="PASS" start="2024-09-10T22:06:14.307596" elapsed="0.288785"/>
</kw>
<kw name="Wait Until Element Is Visible" owner="SeleniumLibrary">
<arg>id=onetrust-accept-btn-handler</arg>
<doc>Waits until the element ``locator`` is visible.</doc>
<status status="PASS" start="2024-09-10T22:06:14.596381" elapsed="0.048852"/>
</kw>
<kw name="Click Button" owner="SeleniumLibrary">
<msg time="2024-09-10T22:06:14.649336" level="INFO">Clicking button 'id=onetrust-accept-btn-handler'.</msg>
<arg>id=onetrust-accept-btn-handler</arg>
<doc>Clicks the button identified by ``locator``.</doc>
<status status="PASS" start="2024-09-10T22:06:14.649336" elapsed="0.337799"/>
</kw>
<status status="PASS" start="2024-09-10T22:06:07.119901" elapsed="7.867234"/>
</kw>
<kw name="Create List" owner="BuiltIn">
<msg time="2024-09-10T22:06:14.987135" level="INFO">${ALL_OFFERS} = []</msg>
<var>${ALL_OFFERS}</var>
<doc>Returns a list containing given items.</doc>
<status status="PASS" start="2024-09-10T22:06:14.987135" elapsed="0.000000"/>
</kw>
<kw name="Click Type Dropdown" owner="searching">
<kw name="Click Element" owner="SeleniumLibrary">
<msg time="2024-09-10T22:06:14.987135" level="INFO">Clicking element 'css:.react-select__control'.</msg>
<arg>css:.react-select__control</arg>
<doc>Click the element identified by ``locator``.</doc>
<status status="PASS" start="2024-09-10T22:06:14.987135" elapsed="0.281849"/>
</kw>
<status status="PASS" start="2024-09-10T22:06:14.987135" elapsed="0.281849"/>
</kw>
<kw name="Select Type Dropdown Option" owner="searching">
<kw name="Click Element" owner="SeleniumLibrary">
<msg time="2024-09-10T22:06:15.270929" level="INFO">Clicking element 'xpath=//div[@role='option' and text()='Mieszkania']'.</msg>
<arg>xpath=//div[@role='option' and text()='${estate_type}']</arg>
<doc>Click the element identified by ``locator``.</doc>
<status status="PASS" start="2024-09-10T22:06:15.270929" elapsed="0.228906"/>
</kw>
<arg>Mieszkania</arg>
<status status="PASS" start="2024-09-10T22:06:15.270929" elapsed="0.228906"/>
</kw>
<kw name="Enter City in Input" owner="searching">
<kw name="Click Element" owner="SeleniumLibrary">
<msg time="2024-09-10T22:06:15.502296" level="INFO">Clicking element 'xpath=//input[@placeholder='Wpisz lokalizację']'.</msg>
<arg>xpath=//input[@placeholder='${placeholder_text}']</arg>
<doc>Click the element identified by ``locator``.</doc>
<status status="PASS" start="2024-09-10T22:06:15.501790" elapsed="0.265053"/>
</kw>
<kw name="Input Text" owner="SeleniumLibrary">
<msg time="2024-09-10T22:06:15.769552" level="INFO">Typing text 'Warszawa' into text field 'xpath=//input[@data-cy='search.form.location.input']'.</msg>
<arg>xpath=//input[@data-cy='search.form.location.input']</arg>
<arg>${input_text}</arg>
<doc>Types the given ``text`` into the text field identified by ``locator``.</doc>
<status status="PASS" start="2024-09-10T22:06:15.769552" elapsed="0.095239"/>
</kw>
<arg>Wpisz lokalizację</arg>
<arg>Warszawa</arg>
<status status="PASS" start="2024-09-10T22:06:15.501790" elapsed="0.363001"/>
</kw>
<kw name="Select City On List" owner="searching">
<kw name="Wait Until Element Is Visible" owner="SeleniumLibrary">
<arg>xpath=//p[.//mark[contains(text(), '${text}')]]</arg>
<arg>timeout=10s</arg>
<doc>Waits until the element ``locator`` is visible.</doc>
<status status="PASS" start="2024-09-10T22:06:15.864791" elapsed="0.853783"/>
</kw>
<kw name="Click Element" owner="SeleniumLibrary">
<msg time="2024-09-10T22:06:16.719575" level="INFO">Clicking element 'xpath=//p[.//mark[contains(text(), 'Warszawa')]]/..'.</msg>
<arg>xpath=//p[.//mark[contains(text(), '${text}')]]/..</arg>
<doc>Click the element identified by ``locator``.</doc>
<status status="PASS" start="2024-09-10T22:06:16.718574" elapsed="0.258160"/>
</kw>
<arg>Warszawa</arg>
<status status="PASS" start="2024-09-10T22:06:15.864791" elapsed="1.111943"/>
</kw>
<kw name="Enter Min Price" owner="searching">
<kw name="Click Element" owner="SeleniumLibrary">
<msg time="2024-09-10T22:06:16.977732" level="INFO">Clicking element 'id=priceMin'.</msg>
<arg>id=priceMin</arg>
<doc>Click the element identified by ``locator``.</doc>
<status status="PASS" start="2024-09-10T22:06:16.977732" elapsed="0.233390"/>
</kw>
<kw name="Input Text" owner="SeleniumLibrary">
<msg time="2024-09-10T22:06:17.212122" level="INFO">Typing text '400000' into text field 'id=priceMin'.</msg>
<arg>id=priceMin</arg>
<arg>${price}</arg>
<doc>Types the given ``text`` into the text field identified by ``locator``.</doc>
<status status="PASS" start="2024-09-10T22:06:17.212122" elapsed="0.035409"/>
</kw>
<arg>400000</arg>
<status status="PASS" start="2024-09-10T22:06:16.977732" elapsed="0.269799"/>
</kw>
<kw name="Enter Max Price" owner="searching">
<kw name="Click Element" owner="SeleniumLibrary">
<msg time="2024-09-10T22:06:17.248526" level="INFO">Clicking element 'id=priceMax'.</msg>
<arg>id=priceMax</arg>
<doc>Click the element identified by ``locator``.</doc>
<status status="PASS" start="2024-09-10T22:06:17.247531" elapsed="0.236291"/>
</kw>
<kw name="Input Text" owner="SeleniumLibrary">
<msg time="2024-09-10T22:06:17.485325" level="INFO">Typing text '800000' into text field 'id=priceMax'.</msg>
<arg>id=priceMax</arg>
<arg>${price}</arg>
<doc>Types the given ``text`` into the text field identified by ``locator``.</doc>
<status status="PASS" start="2024-09-10T22:06:17.485325" elapsed="0.032362"/>
</kw>
<arg>800000</arg>
<status status="PASS" start="2024-09-10T22:06:17.247531" elapsed="0.270156"/>
</kw>
<kw name="Enter Min Area" owner="searching">
<kw name="Click Element" owner="SeleniumLibrary">
<msg time="2024-09-10T22:06:17.518682" level="INFO">Clicking element 'id=areaMin'.</msg>
<arg>id=areaMin</arg>
<doc>Click the element identified by ``locator``.</doc>
<status status="PASS" start="2024-09-10T22:06:17.518682" elapsed="0.227443"/>
</kw>
<kw name="Input Text" owner="SeleniumLibrary">
<msg time="2024-09-10T22:06:17.747135" level="INFO">Typing text '55' into text field 'id=areaMin'.</msg>
<arg>id=areaMin</arg>
<arg>${area}</arg>
<doc>Types the given ``text`` into the text field identified by ``locator``.</doc>
<status status="PASS" start="2024-09-10T22:06:17.746125" elapsed="0.022044"/>
</kw>
<arg>55</arg>
<status status="PASS" start="2024-09-10T22:06:17.517687" elapsed="0.251522"/>
</kw>
<kw name="Click Wyszukaj" owner="searching">
<kw name="Wait Until Element Is Enabled" owner="SeleniumLibrary">
<arg>id=search-form-submit</arg>
<doc>Waits until the element ``locator`` is enabled.</doc>
<status status="PASS" start="2024-09-10T22:06:17.769724" elapsed="0.430599"/>
</kw>
<kw name="Click Button" owner="SeleniumLibrary">
<msg time="2024-09-10T22:06:18.201323" level="INFO">Clicking button 'id=search-form-submit'.</msg>
<arg>id=search-form-submit</arg>
<doc>Clicks the button identified by ``locator``.</doc>
<status status="PASS" start="2024-09-10T22:06:18.200323" elapsed="0.271595"/>
</kw>
<status status="PASS" start="2024-09-10T22:06:17.769209" elapsed="0.702709"/>
</kw>
<kw name="Handle Sorting Options">
<kw name="Run Keyword And Ignore Error" owner="BuiltIn">
<kw name="Click Element By Partial Text" owner="searching">
<kw name="Wait Until Element Is Visible" owner="SeleniumLibrary">
<arg>xpath=//*[contains(text(), '${text}')]</arg>
<arg>timeout=20s</arg>
<doc>Waits until the element ``locator`` is visible.</doc>
<status status="PASS" start="2024-09-10T22:06:18.473435" elapsed="1.433547"/>
</kw>
<kw name="Click Element" owner="SeleniumLibrary">
<msg time="2024-09-10T22:06:19.907978" level="INFO">Clicking element 'xpath=//*[contains(text(), 'Data dodania: najnowsze')]'.</msg>
<arg>xpath=//*[contains(text(), '${text}')]</arg>
<doc>Click the element identified by ``locator``.</doc>
<status status="PASS" start="2024-09-10T22:06:19.906982" elapsed="0.407820"/>
</kw>
<arg>Data dodania: najnowsze</arg>
<status status="PASS" start="2024-09-10T22:06:18.473435" elapsed="1.841367"/>
</kw>
<arg>Click Element By Partial Text</arg>
<arg>Data dodania: najnowsze</arg>
<doc>Runs the given keyword with the given arguments and ignores possible error.</doc>
<status status="PASS" start="2024-09-10T22:06:18.472915" elapsed="1.842942"/>
</kw>
<kw name="Run Keyword And Ignore Error" owner="BuiltIn">
<kw name="Click Element By Partial Text" owner="searching">
<kw name="Wait Until Element Is Visible" owner="SeleniumLibrary">
<msg time="2024-09-10T22:06:40.448922" level="INFO" html="true">&lt;/td&gt;&lt;/tr&gt;&lt;tr&gt;&lt;td colspan="3"&gt;&lt;a href="selenium-screenshot-32.png"&gt;&lt;img src="selenium-screenshot-32.png" width="800px"&gt;&lt;/a&gt;</msg>
<msg time="2024-09-10T22:06:40.449916" level="FAIL">Element 'xpath=//*[contains(text(), 'Najlepiej dopasowane')]' not visible after 20 seconds.</msg>
<arg>xpath=//*[contains(text(), '${text}')]</arg>
<arg>timeout=20s</arg>
<doc>Waits until the element ``locator`` is visible.</doc>
<status status="FAIL" start="2024-09-10T22:06:20.316363" elapsed="20.134605">Element 'xpath=//*[contains(text(), 'Najlepiej dopasowane')]' not visible after 20 seconds.</status>
</kw>
<kw name="Click Element" owner="SeleniumLibrary">
<arg>xpath=//*[contains(text(), '${text}')]</arg>
<doc>Click the element identified by ``locator``.</doc>
<status status="NOT RUN" start="2024-09-10T22:06:40.450968" elapsed="0.000000"/>
</kw>
<arg>Najlepiej dopasowane</arg>
<status status="FAIL" start="2024-09-10T22:06:20.316363" elapsed="20.135992">Element 'xpath=//*[contains(text(), 'Najlepiej dopasowane')]' not visible after 20 seconds.</status>
</kw>
<arg>Click Element By Partial Text</arg>
<arg>Najlepiej dopasowane</arg>
<doc>Runs the given keyword with the given arguments and ignores possible error.</doc>
<status status="PASS" start="2024-09-10T22:06:20.315857" elapsed="20.136498"/>
</kw>
<status status="PASS" start="2024-09-10T22:06:18.472915" elapsed="21.979440"/>
</kw>
<kw name="Select Type Dropdown Option" owner="searching">
<kw name="Click Element" owner="SeleniumLibrary">
<msg time="2024-09-10T22:06:40.452355" level="INFO">Clicking element 'xpath=//div[@role='option' and text()='Cena: od najniższej']'.</msg>
<arg>xpath=//div[@role='option' and text()='${estate_type}']</arg>
<doc>Click the element identified by ``locator``.</doc>
<status status="PASS" start="2024-09-10T22:06:40.452355" elapsed="2.316825"/>
</kw>
<arg>Cena: od najniższej</arg>
<status status="PASS" start="2024-09-10T22:06:40.452355" elapsed="2.317828"/>
</kw>
<kw name="Scrape All Pages" owner="scrapping">
<for flavor="IN RANGE">
<iter>
<kw name="Scrape Offers From Current Page" owner="scrapping">
<kw name="Get Source" owner="SeleniumLibrary">
<msg time="2024-09-10T22:06:42.850324" level="INFO">${html_content} = &lt;html lang="pl"&gt;&lt;head data-consent="ignore"&gt;&lt;meta charset="utf-8"&gt;&lt;meta name="viewport" content="width=device-width"&gt;&lt;link rel="icon" href="https://statics.otodom.pl/static/otodompl/naspersclassifieds...</msg>
<var>${html_content}</var>
<doc>Returns the entire HTML source of the current page or frame.</doc>
<status status="PASS" start="2024-09-10T22:06:42.772183" elapsed="0.078141"/>
</kw>
<kw name="Scrape Offers With URL" owner="scraping_offers">
<msg time="2024-09-10T22:06:43.053051" level="INFO">${offers} = [{'price': '745 626 zł', 'url': 'https://www.otodom.pl/pl/oferta/przestronne-mieszkanie-z-dobrym-dojazdem-do-metra-ID4rSev', 'address': 'ul. Ostródzka, Grodzisk, Białołęka, Warszawa, mazowieckie', 'ro...</msg>
<var>${offers}</var>
<arg>${html_content}</arg>
<doc>This function scrapes price, URL, address (street), number of rooms, surface area, price per square meter, and floor for each offer.
Returns a list of dictionaries where each dictionary contains 'price', 'url', 'address', 'rooms', 'surface_area', 'price_per_sqm', and 'floor'.</doc>
<status status="PASS" start="2024-09-10T22:06:42.850324" elapsed="0.202727"/>
</kw>
<kw name="Log Many" owner="BuiltIn">
<msg time="2024-09-10T22:06:43.054262" level="INFO">[{'price': '745 626 zł', 'url': 'https://www.otodom.pl/pl/oferta/przestronne-mieszkanie-z-dobrym-dojazdem-do-metra-ID4rSev', 'address': 'ul. Ostródzka, Grodzisk, Białołęka, Warszawa, mazowieckie', 'rooms': '2 pokoje', 'surface_area': '57.4m²', 'price_per_sqm': 12990.0, 'floor': '2 piętro'}, {'price': '779 000 zł', 'url': 'https://www.otodom.pl/pl/oferta/3-pokoje-cicho-zielono-po-remoncie-ew-zamiana-ID4snEB', 'address': 'ul. Krasnobrodzka, Bródno-Podgrodzie, Targówek, Warszawa, mazowieckie', 'rooms': '3 pokoje', 'surface_area': '55.2m²', 'price_per_sqm': 14112.0, 'floor': 'parter'}, {'price': '799 000 zł', 'url': 'https://www.otodom.pl/pl/oferta/mieszkanie-3-pokojowe-w-ursusie-ID4rY7R', 'address': 'ul. płk. Stanisława Dąbka, Skorosze, Ursus, Warszawa, mazowieckie', 'rooms': '3 pokoje', 'surface_area': '58m²', 'price_per_sqm': 13776.0, 'floor': '3 piętro'}, {'price': '475 000 zł', 'url': 'https://www.otodom.pl/pl/oferta/okazja-idealne-jako-inwestycja-lub-na-wynajem-ID4siad', 'address': 'ul. II Poprzeczna, Anin, Wawer, Warszawa, mazowieckie', 'rooms': '3 pokoje', 'surface_area': '75m²', 'price_per_sqm': 6333.0, 'floor': '3 piętro'}, {'price': '523 000 zł', 'url': 'https://www.otodom.pl/pl/oferta/pelna-wlasnosc-10-min-do-metra-z-wykonczeniem-ID4s992', 'address': 'ul. Głębocka, Grodzisk, Białołęka, Warszawa, mazowieckie', 'rooms': '2 pokoje', 'surface_area': '523000m²', 'price_per_sqm': 1.0, 'floor': '2 piętro'}, {'price': '544 300 zł', 'url': 'https://www.otodom.pl/pl/oferta/mieszkanie-inwestycyjne-hostel-suterena-60-5m2-ID4scuI', 'address': 'ul. Michała Spisaka 109, Czechowice, Ursus, Warszawa, mazowieckie', 'rooms': '2 pokoje', 'surface_area': '60.5m²', 'price_per_sqm': 8997.0, 'floor': 'suterena'}, {'price': '550 000 zł', 'url': 'https://www.otodom.pl/pl/oferta/specjana-oferta-gotowka-do-negocjacji-ID4mKM0', 'address': 'ul. Literacka, Stara Miłosna, Wesoła, Warszawa, mazowieckie', 'rooms': '2 pokoje', 'surface_area': '60m²', 'price_per_sqm': 9167.0, 'floor': '2 piętro'}, {'price': '575 091 zł', 'url': 'https://www.otodom.pl/pl/oferta/os-zamkniete-garaz-podziemny-winda-ID4snZ9', 'address': 'Stara Miłosna, Wesoła, Warszawa, mazowieckie', 'rooms': '2 pokoje', 'surface_area': '58.09m²', 'price_per_sqm': 9900.0, 'floor': '1 piętro'}, {'price': '587 000 zł', 'url': 'https://www.otodom.pl/pl/oferta/3-pokoje-ciche-rembertow-56-m2-od-dewelopera-ID4mWAa', 'address': 'ul. Chełmżyńska, Kawęczyn-Wygoda, Rembertów, Warszawa, mazowieckie', 'rooms': '3 pokoje', 'surface_area': '56.68m²', 'price_per_sqm': 10356.0, 'floor': '2 piętro'}, {'price': '595 000 zł', 'url': 'https://www.otodom.pl/pl/oferta/doskonala-propozycja-mieszkania-pod-wynajem-ID4qYpK', 'address': 'ul. Ogórkowa, Nadwiśle, Wawer, Warszawa, mazowieckie', 'rooms': '2 pokoje', 'surface_area': '55m²', 'price_per_sqm': 10818.0, 'floor': 'parter'}, {'price': '595 000 zł', 'url': 'https://www.otodom.pl/pl/oferta/doskonala-propozycja-mieszkania-pod-wynajem-ID4rMkF', 'address': 'Nadwiśle, Wawer, Warszawa, mazowieckie', 'rooms': '2 pokoje', 'surface_area': '55m²', 'price_per_sqm': 10818.0, 'floor': 'parter'}, {'price': '598 000 zł', 'url': 'https://www.otodom.pl/pl/oferta/nowe-mieszkanie-56m2-dostepne-od-zaraz-ID4qT9G', 'address': 'ul. Marmurowa, Choszczówka, Białołęka, Warszawa, mazowieckie', 'rooms': '2 pokoje', 'surface_area': '55.4m²', 'price_per_sqm': 10794.0, 'floor': '2 piętro'}, {'price': '599 000 zł', 'url': 'https://www.otodom.pl/pl/oferta/3-pokojowe-mieszkanie-ogrodek-dwa-st-postojowe-ID4s6rs', 'address': 'Zacisze, Targówek, Warszawa, mazowieckie', 'rooms': '3 pokoje', 'surface_area': '58m²', 'price_per_sqm': 10328.0, 'floor': 'parter'}, {'price': '599 000 zł', 'url': 'https://www.otodom.pl/pl/oferta/4-pokojowe-mieszkanie-do-remontu-w-wawrze-ID4qX6a', 'address': 'ul. Korkowa, Marysin Wawerski, Wawer, Warszawa, mazowieckie', 'rooms': '4 pokoje', 'surface_area': '57.87m²', 'price_per_sqm': 10351.0, 'floor': '4 piętro'}, {'price': '602 550 zł', 'url': 'https://www.otodom.pl/pl/oferta/bezczynszowe-3-pokoje-w-super-cenie-duzy-balkon-ID4rPAM', 'address': 'ul. Lewandów, Grodzisk, Białołęka, Warszawa, mazowieckie', 'rooms': '3 pokoje', 'surface_area': '58.5m²', 'price_per_sqm': 10300.0, 'floor': '2 piętro'}, {'price': '604 610 zł', 'url': 'https://www.otodom.pl/pl/oferta/komfortowe-3-pokoje-blisko-komunikacja-ID4seHI', 'address': 'ul. Lewandów, Grodzisk, Białołęka, Warszawa, mazowieckie', 'rooms': '3 pokoje', 'surface_area': '58.7m²', 'price_per_sqm': 10300.0, 'floor': '2 piętro'}, {'price': '610 000 zł', 'url': 'https://www.otodom.pl/pl/oferta/2-pokoje-wola-do-remontu-ID4shJ5', 'address': 'ul. Nowolipki, Nowolipki, Wola, Warszawa, mazowieckie', 'rooms': '2 pokoje', 'surface_area': '55m²', 'price_per_sqm': 11091.0, 'floor': '5 piętro'}, {'price': '611 000 zł', 'url': 'https://www.otodom.pl/pl/oferta/okazja-3-pokoje-duzy-balkon-oze-kredyt-0-ID4rfff', 'address': 'ul. Leona Berensona, Grodzisk, Białołęka, Warszawa, mazowieckie', 'rooms': '3 pokoje', 'surface_area': '55m²', 'price_per_sqm': 11109.0, 'floor': '2 piętro'}, {'price': '611 000 zł', 'url': 'https://www.otodom.pl/pl/oferta/3-pokoje-balkon-6-5m-oze-kredyt-0-eco-projekt-ID4qMNx', 'address': 'ul. Leona Berensona, Grodzisk, Białołęka, Warszawa, mazowieckie', 'rooms': '3 pokoje', 'surface_area': '55m²', 'price_per_sqm': 11109.0, 'floor': '2 piętro'}, {'price': '611 000 zł', 'url': 'https://www.otodom.pl/pl/oferta/3-pokoje-duzy-balkon-oze-kredyt-0-ID4qMN1', 'address': 'Białołęka Dworska, Białołęka, Warszawa, mazowieckie', 'rooms': '3 pokoje', 'surface_area': '55m²', 'price_per_sqm': 11109.0, 'floor': '2 piętro'}, {'price': '611 000 zł', 'url': 'https://www.otodom.pl/pl/oferta/okazja-3-pokoje-duzy-balkon-oze-kredyt-0-ID4rfeM', 'address': 'Białołęka Dworska, Białołęka, Warszawa, mazowieckie', 'rooms': '3 pokoje', 'surface_area': '55m²', 'price_per_sqm': 11109.0, 'floor': '2 piętro'}, {'price': '611 000 zł', 'url': 'https://www.otodom.pl/pl/oferta/3-pokoje-duzy-balkon-oze-kredyt-0-ID4qHxG', 'address': 'ul. Leona Berensona, Grodzisk, Białołęka, Warszawa, mazowieckie', 'rooms': '3 pokoje', 'surface_area': '55m²', 'price_per_sqm': 11109.0, 'floor': '2 piętro'}, {'price': '611 000 zł', 'url': 'https://www.otodom.pl/pl/oferta/ostatnie-mieszkanie-3-pokojowe-w-inwestycji-ID4rffk', 'address': 'ul. Leona Berensona, Grodzisk, Białołęka, Warszawa, mazowieckie', 'rooms': '3 pokoje', 'surface_area': '55m²', 'price_per_sqm': 11109.0, 'floor': '2 piętro'}, {'price': '611 000 zł', 'url': 'https://www.otodom.pl/pl/oferta/okazja-3-pokoje-duzy-balkon-kredyt-0-ostatnie-3p-ID4rg6z', 'address': 'ul. Leona Berensona, Grodzisk, Białołęka, Warszawa, mazowieckie', 'rooms': '3 pokoje', 'surface_area': '55m²', 'price_per_sqm': 11109.0, 'floor': '2 piętro'}, {'price': '611 000 zł', 'url': 'https://www.otodom.pl/pl/oferta/bialoleka-4-pokoje-autobus-do-metra-brodno-ID4pD7L', 'address': 'ul. Głębocka, Grodzisk, Białołęka, Warszawa, mazowieckie', 'rooms': '2 pokoje', 'surface_area': '55m²', 'price_per_sqm': 11109.0, 'floor': '1 piętro'}, {'price': '611 968 zł', 'url': 'https://www.otodom.pl/pl/oferta/nowe-mieszkania-duzy-wybor-bez-prowizji-ID4mWFw', 'address': 'ul. Leona Berensona, Grodzisk, Białołęka, Warszawa, mazowieckie', 'rooms': '4 pokoje', 'surface_area': '55m²', 'price_per_sqm': 11127.0, 'floor': '2 piętro'}, {'price': '617 000 zł', 'url': 'https://www.otodom.pl/pl/oferta/3-pok-ood-dewelopera-bez-prowizji-55-m2-rembertow-ID4rlrl', 'address': 'ul. Chełmżyńska, Kawęczyn-Wygoda, Rembertów, Warszawa, mazowieckie', 'rooms': '3 pokoje', 'surface_area': '55.45m²', 'price_per_sqm': 11127.0, 'floor': '1 piętro'}, {'price': '619 410 zł', 'url': 'https://www.otodom.pl/pl/oferta/nowe-gotowe-do-odbioru-duzy-balkon-ID4rVj8', 'address': 'Szamocin, Białołęka, Warszawa, mazowieckie', 'rooms': '3 pokoje', 'surface_area': '56.31m²', 'price_per_sqm': 11000.0, 'floor': '2 piętro'}]</msg>
<arg>${offers}</arg>
<doc>Logs the given messages as separate entries using the INFO level.</doc>
<status status="PASS" start="2024-09-10T22:06:43.053051" elapsed="0.001211"/>
</kw>
<for flavor="IN">
<iter>
<kw name="Append To List" owner="Collections">
<arg>${ALL_OFFERS}</arg>
<arg>${offer}</arg>
<doc>Adds ``values`` to the end of ``list``.</doc>
<status status="PASS" start="2024-09-10T22:06:43.056324" elapsed="0.000000"/>
</kw>
<var name="${offer}">{'price': '745 626 zł', 'url': 'https://www.otodom.pl/pl/oferta/przestronne-mieszkanie-z-dobrym-dojazdem-do-metra-ID4rSev', 'address': 'ul. Ostródzka, Grodzisk, Białołęka, Warszawa, mazowieckie', 'roo...</var>
<status status="PASS" start="2024-09-10T22:06:43.055325" elapsed="0.000999"/>
</iter>
<iter>
<kw name="Append To List" owner="Collections">
<arg>${ALL_OFFERS}</arg>
<arg>${offer}</arg>
<doc>Adds ``values`` to the end of ``list``.</doc>
<status status="PASS" start="2024-09-10T22:06:43.057330" elapsed="0.000000"/>
</kw>
<var name="${offer}">{'price': '779 000 zł', 'url': 'https://www.otodom.pl/pl/oferta/3-pokoje-cicho-zielono-po-remoncie-ew-zamiana-ID4snEB', 'address': 'ul. Krasnobrodzka, Bródno-Podgrodzie, Targówek, Warszawa, mazowiecki...</var>
<status status="PASS" start="2024-09-10T22:06:43.056324" elapsed="0.001006"/>
</iter>
<iter>
<kw name="Append To List" owner="Collections">
<arg>${ALL_OFFERS}</arg>
<arg>${offer}</arg>
<doc>Adds ``values`` to the end of ``list``.</doc>
<status status="PASS" start="2024-09-10T22:06:43.058323" elapsed="0.001004"/>
</kw>
<var name="${offer}">{'price': '799 000 zł', 'url': 'https://www.otodom.pl/pl/oferta/mieszkanie-3-pokojowe-w-ursusie-ID4rY7R', 'address': 'ul. płk. Stanisława Dąbka, Skorosze, Ursus, Warszawa, mazowieckie', 'rooms': '3 po...</var>
<status status="PASS" start="2024-09-10T22:06:43.058323" elapsed="0.001004"/>
</iter>
<iter>
<kw name="Append To List" owner="Collections">
<arg>${ALL_OFFERS}</arg>
<arg>${offer}</arg>
<doc>Adds ``values`` to the end of ``list``.</doc>
<status status="PASS" start="2024-09-10T22:06:43.061349" elapsed="0.000000"/>
</kw>
<var name="${offer}">{'price': '475 000 zł', 'url': 'https://www.otodom.pl/pl/oferta/okazja-idealne-jako-inwestycja-lub-na-wynajem-ID4siad', 'address': 'ul. II Poprzeczna, Anin, Wawer, Warszawa, mazowieckie', 'rooms': '3 ...</var>
<status status="PASS" start="2024-09-10T22:06:43.060335" elapsed="0.001014"/>
</iter>
<iter>
<kw name="Append To List" owner="Collections">
<arg>${ALL_OFFERS}</arg>
<arg>${offer}</arg>
<doc>Adds ``values`` to the end of ``list``.</doc>
<status status="PASS" start="2024-09-10T22:06:43.062434" elapsed="0.001024"/>
</kw>
<var name="${offer}">{'price': '523 000 zł', 'url': 'https://www.otodom.pl/pl/oferta/pelna-wlasnosc-10-min-do-metra-z-wykonczeniem-ID4s992', 'address': 'ul. Głębocka, Grodzisk, Białołęka, Warszawa, mazowieckie', 'rooms': ...</var>
<status status="PASS" start="2024-09-10T22:06:43.062434" elapsed="0.001024"/>
</iter>
<iter>
<kw name="Append To List" owner="Collections">
<arg>${ALL_OFFERS}</arg>
<arg>${offer}</arg>
<doc>Adds ``values`` to the end of ``list``.</doc>
<status status="PASS" start="2024-09-10T22:06:43.063458" elapsed="0.001278"/>
</kw>
<var name="${offer}">{'price': '544 300 zł', 'url': 'https://www.otodom.pl/pl/oferta/mieszkanie-inwestycyjne-hostel-suterena-60-5m2-ID4scuI', 'address': 'ul. Michała Spisaka 109, Czechowice, Ursus, Warszawa, mazowieckie',...</var>
<status status="PASS" start="2024-09-10T22:06:43.063458" elapsed="0.001278"/>
</iter>
<iter>
<kw name="Append To List" owner="Collections">
<arg>${ALL_OFFERS}</arg>
<arg>${offer}</arg>
<doc>Adds ``values`` to the end of ``list``.</doc>
<status status="PASS" start="2024-09-10T22:06:43.064736" elapsed="0.001020"/>
</kw>
<var name="${offer}">{'price': '550 000 zł', 'url': 'https://www.otodom.pl/pl/oferta/specjana-oferta-gotowka-do-negocjacji-ID4mKM0', 'address': 'ul. Literacka, Stara Miłosna, Wesoła, Warszawa, mazowieckie', 'rooms': '2 po...</var>
<status status="PASS" start="2024-09-10T22:06:43.064736" elapsed="0.001020"/>
</iter>
<iter>
<kw name="Append To List" owner="Collections">
<arg>${ALL_OFFERS}</arg>
<arg>${offer}</arg>
<doc>Adds ``values`` to the end of ``list``.</doc>
<status status="PASS" start="2024-09-10T22:06:43.065756" elapsed="0.001005"/>
</kw>
<var name="${offer}">{'price': '575 091 zł', 'url': 'https://www.otodom.pl/pl/oferta/os-zamkniete-garaz-podziemny-winda-ID4snZ9', 'address': 'Stara Miłosna, Wesoła, Warszawa, mazowieckie', 'rooms': '2 pokoje', 'surface_ar...</var>
<status status="PASS" start="2024-09-10T22:06:43.065756" elapsed="0.001005"/>
</iter>
<iter>
<kw name="Append To List" owner="Collections">
<arg>${ALL_OFFERS}</arg>
<arg>${offer}</arg>
<doc>Adds ``values`` to the end of ``list``.</doc>
<status status="PASS" start="2024-09-10T22:06:43.066761" elapsed="0.000000"/>
</kw>
<var name="${offer}">{'price': '587 000 zł', 'url': 'https://www.otodom.pl/pl/oferta/3-pokoje-ciche-rembertow-56-m2-od-dewelopera-ID4mWAa', 'address': 'ul. Chełmżyńska, Kawęczyn-Wygoda, Rembertów, Warszawa, mazowieckie', ...</var>
<status status="PASS" start="2024-09-10T22:06:43.066761" elapsed="0.000000"/>
</iter>
<iter>
<kw name="Append To List" owner="Collections">
<arg>${ALL_OFFERS}</arg>
<arg>${offer}</arg>
<doc>Adds ``values`` to the end of ``list``.</doc>
<status status="PASS" start="2024-09-10T22:06:43.067760" elapsed="0.000000"/>
</kw>
<var name="${offer}">{'price': '595 000 zł', 'url': 'https://www.otodom.pl/pl/oferta/doskonala-propozycja-mieszkania-pod-wynajem-ID4qYpK', 'address': 'ul. Ogórkowa, Nadwiśle, Wawer, Warszawa, mazowieckie', 'rooms': '2 pok...</var>
<status status="PASS" start="2024-09-10T22:06:43.066761" elapsed="0.000999"/>
</iter>
<iter>
<kw name="Append To List" owner="Collections">
<arg>${ALL_OFFERS}</arg>
<arg>${offer}</arg>
<doc>Adds ``values`` to the end of ``list``.</doc>
<status status="PASS" start="2024-09-10T22:06:43.067760" elapsed="0.001277"/>
</kw>
<var name="${offer}">{'price': '595 000 zł', 'url': 'https://www.otodom.pl/pl/oferta/doskonala-propozycja-mieszkania-pod-wynajem-ID4rMkF', 'address': 'Nadwiśle, Wawer, Warszawa, mazowieckie', 'rooms': '2 pokoje', 'surface...</var>
<status status="PASS" start="2024-09-10T22:06:43.067760" elapsed="0.001277"/>
</iter>
<iter>
<kw name="Append To List" owner="Collections">
<arg>${ALL_OFFERS}</arg>
<arg>${offer}</arg>
<doc>Adds ``values`` to the end of ``list``.</doc>
<status status="PASS" start="2024-09-10T22:06:43.070053" elapsed="0.000000"/>
</kw>
<var name="${offer}">{'price': '598 000 zł', 'url': 'https://www.otodom.pl/pl/oferta/nowe-mieszkanie-56m2-dostepne-od-zaraz-ID4qT9G', 'address': 'ul. Marmurowa, Choszczówka, Białołęka, Warszawa, mazowieckie', 'rooms': '2 ...</var>
<status status="PASS" start="2024-09-10T22:06:43.069037" elapsed="0.001016"/>
</iter>
<iter>
<kw name="Append To List" owner="Collections">
<arg>${ALL_OFFERS}</arg>
<arg>${offer}</arg>
<doc>Adds ``values`` to the end of ``list``.</doc>
<status status="PASS" start="2024-09-10T22:06:43.071214" elapsed="0.000000"/>
</kw>
<var name="${offer}">{'price': '599 000 zł', 'url': 'https://www.otodom.pl/pl/oferta/3-pokojowe-mieszkanie-ogrodek-dwa-st-postojowe-ID4s6rs', 'address': 'Zacisze, Targówek, Warszawa, mazowieckie', 'rooms': '3 pokoje', 'su...</var>
<status status="PASS" start="2024-09-10T22:06:43.071214" elapsed="0.000000"/>
</iter>
<iter>
<kw name="Append To List" owner="Collections">
<arg>${ALL_OFFERS}</arg>
<arg>${offer}</arg>
<doc>Adds ``values`` to the end of ``list``.</doc>
<status status="PASS" start="2024-09-10T22:06:43.072236" elapsed="0.000000"/>
</kw>
<var name="${offer}">{'price': '599 000 zł', 'url': 'https://www.otodom.pl/pl/oferta/4-pokojowe-mieszkanie-do-remontu-w-wawrze-ID4qX6a', 'address': 'ul. Korkowa, Marysin Wawerski, Wawer, Warszawa, mazowieckie', 'rooms': '...</var>
<status status="PASS" start="2024-09-10T22:06:43.072236" elapsed="0.001161"/>
</iter>
<iter>
<kw name="Append To List" owner="Collections">
<arg>${ALL_OFFERS}</arg>
<arg>${offer}</arg>
<doc>Adds ``values`` to the end of ``list``.</doc>
<status status="PASS" start="2024-09-10T22:06:43.073397" elapsed="0.001015"/>
</kw>
<var name="${offer}">{'price': '602 550 zł', 'url': 'https://www.otodom.pl/pl/oferta/bezczynszowe-3-pokoje-w-super-cenie-duzy-balkon-ID4rPAM', 'address': 'ul. Lewandów, Grodzisk, Białołęka, Warszawa, mazowieckie', 'rooms'...</var>
<status status="PASS" start="2024-09-10T22:06:43.073397" elapsed="0.001015"/>
</iter>
<iter>
<kw name="Append To List" owner="Collections">
<arg>${ALL_OFFERS}</arg>
<arg>${offer}</arg>
<doc>Adds ``values`` to the end of ``list``.</doc>
<status status="PASS" start="2024-09-10T22:06:43.075924" elapsed="0.001028"/>
</kw>
<var name="${offer}">{'price': '604 610 zł', 'url': 'https://www.otodom.pl/pl/oferta/komfortowe-3-pokoje-blisko-komunikacja-ID4seHI', 'address': 'ul. Lewandów, Grodzisk, Białołęka, Warszawa, mazowieckie', 'rooms': '3 poko...</var>
<status status="PASS" start="2024-09-10T22:06:43.074412" elapsed="0.002540"/>
</iter>
<iter>
<kw name="Append To List" owner="Collections">
<arg>${ALL_OFFERS}</arg>
<arg>${offer}</arg>
<doc>Adds ``values`` to the end of ``list``.</doc>
<status status="PASS" start="2024-09-10T22:06:43.077954" elapsed="0.000994"/>
</kw>
<var name="${offer}">{'price': '610 000 zł', 'url': 'https://www.otodom.pl/pl/oferta/2-pokoje-wola-do-remontu-ID4shJ5', 'address': 'ul. Nowolipki, Nowolipki, Wola, Warszawa, mazowieckie', 'rooms': '2 pokoje', 'surface_are...</var>
<status status="PASS" start="2024-09-10T22:06:43.077954" elapsed="0.000994"/>
</iter>
<iter>
<kw name="Append To List" owner="Collections">
<arg>${ALL_OFFERS}</arg>
<arg>${offer}</arg>
<doc>Adds ``values`` to the end of ``list``.</doc>
<status status="PASS" start="2024-09-10T22:06:43.079944" elapsed="0.000999"/>
</kw>
<var name="${offer}">{'price': '611 000 zł', 'url': 'https://www.otodom.pl/pl/oferta/okazja-3-pokoje-duzy-balkon-oze-kredyt-0-ID4rfff', 'address': 'ul. Leona Berensona, Grodzisk, Białołęka, Warszawa, mazowieckie', 'rooms'...</var>
<status status="PASS" start="2024-09-10T22:06:43.078948" elapsed="0.001995"/>
</iter>
<iter>
<kw name="Append To List" owner="Collections">
<arg>${ALL_OFFERS}</arg>
<arg>${offer}</arg>
<doc>Adds ``values`` to the end of ``list``.</doc>
<status status="PASS" start="2024-09-10T22:06:43.080943" elapsed="0.001008"/>
</kw>
<var name="${offer}">{'price': '611 000 zł', 'url': 'https://www.otodom.pl/pl/oferta/3-pokoje-balkon-6-5m-oze-kredyt-0-eco-projekt-ID4qMNx', 'address': 'ul. Leona Berensona, Grodzisk, Białołęka, Warszawa, mazowieckie', 'r...</var>
<status status="PASS" start="2024-09-10T22:06:43.080943" elapsed="0.001008"/>
</iter>
<iter>
<kw name="Append To List" owner="Collections">
<arg>${ALL_OFFERS}</arg>
<arg>${offer}</arg>
<doc>Adds ``values`` to the end of ``list``.</doc>
<status status="PASS" start="2024-09-10T22:06:43.082950" elapsed="0.000000"/>
</kw>
<var name="${offer}">{'price': '611 000 zł', 'url': 'https://www.otodom.pl/pl/oferta/3-pokoje-duzy-balkon-oze-kredyt-0-ID4qMN1', 'address': 'Białołęka Dworska, Białołęka, Warszawa, mazowieckie', 'rooms': '3 pokoje', 'surf...</var>
<status status="PASS" start="2024-09-10T22:06:43.082950" elapsed="0.000995"/>
</iter>
<iter>
<kw name="Append To List" owner="Collections">
<arg>${ALL_OFFERS}</arg>
<arg>${offer}</arg>
<doc>Adds ``values`` to the end of ``list``.</doc>
<status status="PASS" start="2024-09-10T22:06:43.084941" elapsed="0.000000"/>
</kw>
<var name="${offer}">{'price': '611 000 zł', 'url': 'https://www.otodom.pl/pl/oferta/okazja-3-pokoje-duzy-balkon-oze-kredyt-0-ID4rfeM', 'address': 'Białołęka Dworska, Białołęka, Warszawa, mazowieckie', 'rooms': '3 pokoje'...</var>
<status status="PASS" start="2024-09-10T22:06:43.083945" elapsed="0.000996"/>
</iter>
<iter>
<kw name="Append To List" owner="Collections">
<arg>${ALL_OFFERS}</arg>
<arg>${offer}</arg>
<doc>Adds ``values`` to the end of ``list``.</doc>
<status status="PASS" start="2024-09-10T22:06:43.086295" elapsed="0.001024"/>
</kw>
<var name="${offer}">{'price': '611 000 zł', 'url': 'https://www.otodom.pl/pl/oferta/3-pokoje-duzy-balkon-oze-kredyt-0-ID4qHxG', 'address': 'ul. Leona Berensona, Grodzisk, Białołęka, Warszawa, mazowieckie', 'rooms': '3 po...</var>
<status status="PASS" start="2024-09-10T22:06:43.086295" elapsed="0.001024"/>
</iter>
<iter>
<kw name="Append To List" owner="Collections">
<arg>${ALL_OFFERS}</arg>
<arg>${offer}</arg>
<doc>Adds ``values`` to the end of ``list``.</doc>
<status status="PASS" start="2024-09-10T22:06:43.088317" elapsed="0.000000"/>
</kw>
<var name="${offer}">{'price': '611 000 zł', 'url': 'https://www.otodom.pl/pl/oferta/ostatnie-mieszkanie-3-pokojowe-w-inwestycji-ID4rffk', 'address': 'ul. Leona Berensona, Grodzisk, Białołęka, Warszawa, mazowieckie', 'roo...</var>
<status status="PASS" start="2024-09-10T22:06:43.087319" elapsed="0.000998"/>
</iter>
<iter>
<kw name="Append To List" owner="Collections">
<arg>${ALL_OFFERS}</arg>
<arg>${offer}</arg>
<doc>Adds ``values`` to the end of ``list``.</doc>
<status status="PASS" start="2024-09-10T22:06:43.089313" elapsed="0.000000"/>
</kw>
<var name="${offer}">{'price': '611 000 zł', 'url': 'https://www.otodom.pl/pl/oferta/okazja-3-pokoje-duzy-balkon-kredyt-0-ostatnie-3p-ID4rg6z', 'address': 'ul. Leona Berensona, Grodzisk, Białołęka, Warszawa, mazowieckie',...</var>
<status status="PASS" start="2024-09-10T22:06:43.088317" elapsed="0.000996"/>
</iter>
<iter>
<kw name="Append To List" owner="Collections">
<arg>${ALL_OFFERS}</arg>
<arg>${offer}</arg>
<doc>Adds ``values`` to the end of ``list``.</doc>
<status status="PASS" start="2024-09-10T22:06:43.089313" elapsed="0.001005"/>
</kw>
<var name="${offer}">{'price': '611 000 zł', 'url': 'https://www.otodom.pl/pl/oferta/bialoleka-4-pokoje-autobus-do-metra-brodno-ID4pD7L', 'address': 'ul. Głębocka, Grodzisk, Białołęka, Warszawa, mazowieckie', 'rooms': '2 ...</var>
<status status="PASS" start="2024-09-10T22:06:43.089313" elapsed="0.001005"/>
</iter>
<iter>
<kw name="Append To List" owner="Collections">
<arg>${ALL_OFFERS}</arg>
<arg>${offer}</arg>
<doc>Adds ``values`` to the end of ``list``.</doc>
<status status="PASS" start="2024-09-10T22:06:43.091320" elapsed="0.000993"/>
</kw>
<var name="${offer}">{'price': '611 968 zł', 'url': 'https://www.otodom.pl/pl/oferta/nowe-mieszkania-duzy-wybor-bez-prowizji-ID4mWFw', 'address': 'ul. Leona Berensona, Grodzisk, Białołęka, Warszawa, mazowieckie', 'rooms':...</var>
<status status="PASS" start="2024-09-10T22:06:43.090318" elapsed="0.001995"/>
</iter>
<iter>
<kw name="Append To List" owner="Collections">
<arg>${ALL_OFFERS}</arg>
<arg>${offer}</arg>
<doc>Adds ``values`` to the end of ``list``.</doc>
<status status="PASS" start="2024-09-10T22:06:43.094319" elapsed="0.000000"/>
</kw>
<var name="${offer}">{'price': '617 000 zł', 'url': 'https://www.otodom.pl/pl/oferta/3-pok-ood-dewelopera-bez-prowizji-55-m2-rembertow-ID4rlrl', 'address': 'ul. Chełmżyńska, Kawęczyn-Wygoda, Rembertów, Warszawa, mazowieck...</var>
<status status="PASS" start="2024-09-10T22:06:43.093322" elapsed="0.001995"/>
</iter>
<iter>
<kw name="Append To List" owner="Collections">
<arg>${ALL_OFFERS}</arg>
<arg>${offer}</arg>
<doc>Adds ``values`` to the end of ``list``.</doc>
<status status="PASS" start="2024-09-10T22:06:43.095317" elapsed="0.000994"/>
</kw>
<var name="${offer}">{'price': '619 410 zł', 'url': 'https://www.otodom.pl/pl/oferta/nowe-gotowe-do-odbioru-duzy-balkon-ID4rVj8', 'address': 'Szamocin, Białołęka, Warszawa, mazowieckie', 'rooms': '3 pokoje', 'surface_area...</var>
<status status="PASS" start="2024-09-10T22:06:43.095317" elapsed="0.000994"/>
</iter>
<var>${offer}</var>
<value>@{offers}</value>
<status status="PASS" start="2024-09-10T22:06:43.055325" elapsed="0.040986"/>
</for>
<arg>${ALL_OFFERS}</arg>
<status status="PASS" start="2024-09-10T22:06:42.772183" elapsed="0.324128"/>
</kw>
<kw name="Check If Next Page Exists" owner="searching">
<kw name="Run Keyword And Return Status" owner="BuiltIn">
<kw name="Element Should Be Visible" owner="SeleniumLibrary">
<msg time="2024-09-10T22:06:43.192873" level="INFO">Element 'xpath=//li[@aria-label='Go to next Page']' is displayed.</msg>
<arg>xpath=//li[@aria-label='Go to next Page']</arg>
<doc>Verifies that the element identified by ``locator`` is visible.</doc>
<status status="PASS" start="2024-09-10T22:06:43.097311" elapsed="0.096557"/>
</kw>
<msg time="2024-09-10T22:06:43.193868" level="INFO">${next_button_exist} = True</msg>
<var>${next_button_exist}</var>
<arg>Element Should Be Visible</arg>
<arg>xpath=//li[@aria-label='Go to next Page']</arg>
<doc>Runs the given keyword with given arguments and returns the status as a Boolean value.</doc>
<status status="PASS" start="2024-09-10T22:06:43.097311" elapsed="0.096557"/>
</kw>
<kw name="Return From Keyword If" owner="BuiltIn">
<msg time="2024-09-10T22:06:43.194878" level="INFO">Returning from the enclosing user keyword.</msg>
<arg>${next_button_exist}</arg>
<arg>${next_button_exist}</arg>
<doc>Returns from the enclosing user keyword if ``condition`` is true.</doc>
<status status="PASS" start="2024-09-10T22:06:43.193868" elapsed="0.001010"/>
</kw>
<kw name="Log" owner="BuiltIn">
<arg>No more pages to navigate.</arg>
<doc>Logs the given message with the given level.</doc>
<status status="NOT RUN" start="2024-09-10T22:06:43.194878" elapsed="0.000000"/>
</kw>
<msg time="2024-09-10T22:06:43.194878" level="INFO">${next_page} = True</msg>
<var>${next_page}</var>
<status status="PASS" start="2024-09-10T22:06:43.096311" elapsed="0.098567"/>
</kw>
<kw name="Run Keyword If" owner="BuiltIn">
<arg>not ${next_page}</arg>
<arg>Exit For Loop</arg>
<doc>Runs the given keyword with the given arguments, if ``condition`` is true.</doc>
<status status="PASS" start="2024-09-10T22:06:43.194878" elapsed="0.000998"/>
</kw>
<kw name="Click Next Page Button" owner="searching">
<kw name="Set Variable" owner="BuiltIn">
<msg time="2024-09-10T22:06:43.195876" level="INFO">${xpath_var} = //li[@aria-label='Go to next Page']</msg>
<var>${xpath_var}</var>
<arg>//li[@aria-label='Go to next Page']</arg>
<doc>Returns the given values which can then be assigned to a variables.</doc>
<status status="PASS" start="2024-09-10T22:06:43.195876" elapsed="0.000000"/>
</kw>
<kw name="Get WebElement" owner="SeleniumLibrary">
<msg time="2024-09-10T22:06:43.234944" level="INFO">${element} = &lt;selenium.webdriver.remote.webelement.WebElement (session="ee59c5ef-ac4d-4d5b-b91e-4b27bbc288c8", element="3643e031-e42a-45fc-bdc9-117bd8a97a8b")&gt;</msg>
<var>${element}</var>
<arg>xpath=//li[@aria-label='Go to next Page']</arg>
<doc>Returns the first WebElement matching the given ``locator``.</doc>
<status status="PASS" start="2024-09-10T22:06:43.196872" elapsed="0.039085"/>
</kw>
<kw name="Run Keyword And Ignore Error" owner="BuiltIn">
<kw name="Scroll Element Into View" owner="SeleniumLibrary">
<msg time="2024-09-10T22:06:43.423002" level="INFO" html="true">&lt;/td&gt;&lt;/tr&gt;&lt;tr&gt;&lt;td colspan="3"&gt;&lt;a href="selenium-screenshot-33.png"&gt;&lt;img src="selenium-screenshot-33.png" width="800px"&gt;&lt;/a&gt;</msg>
<msg time="2024-09-10T22:06:43.423002" level="FAIL">MoveTargetOutOfBoundsException: Message: Move target (620, 5100) is out of bounds of viewport dimensions (1920, 947)
Stacktrace:
RemoteError@chrome://remote/content/shared/RemoteError.sys.mjs:8:8
WebDriverError@chrome://remote/content/shared/webdriver/Errors.sys.mjs:193:5
MoveTargetOutOfBoundsError@chrome://remote/content/shared/webdriver/Errors.sys.mjs:479:5
assertInViewPort@chrome://remote/content/shared/webdriver/Actions.sys.mjs:2372:11
dispatch@chrome://remote/content/shared/webdriver/Actions.sys.mjs:1153:21
dispatch/pendingEvents&lt;@chrome://remote/content/shared/webdriver/Actions.sys.mjs:2028:14
dispatch@chrome://remote/content/shared/webdriver/Actions.sys.mjs:2027:39
dispatch/chainEvents&lt;@chrome://remote/content/shared/webdriver/Actions.sys.mjs:1938:27
dispatch@chrome://remote/content/shared/webdriver/Actions.sys.mjs:1940:7
performActions@chrome://remote/content/marionette/actors/MarionetteCommandsChild.sys.mjs:493:23
receiveMessage@chrome://remote/content/marionette/actors/MarionetteCommandsChild.sys.mjs:144:31
</msg>
<arg>xpath=${xpath_var}</arg>
<doc>Scrolls the element identified by ``locator`` into view.</doc>
<status status="FAIL" start="2024-09-10T22:06:43.235957" elapsed="0.191047">MoveTargetOutOfBoundsException: Message: Move target (620, 5100) is out of bounds of viewport dimensions (1920, 947)
Stacktrace:
RemoteError@chrome://remote/content/shared/RemoteError.sys.mjs:8:8
WebDriverError@chrome://remote/content/shared/webdriver/Errors.sys.mjs:193:5
MoveTargetOutOfBoundsError@chrome://remote/content/shared/webdriver/Errors.sys.mjs:479:5
assertInViewPort@chrome://remote/content/shared/webdriver/Actions.sys.mjs:2372:11
dispatch@chrome://remote/content/shared/webdriver/Actions.sys.mjs:1153:21
dispatch/pendingEvents&lt;@chrome://remote/content/shared/webdriver/Actions.sys.mjs:2028:14
dispatch@chrome://remote/content/shared/webdriver/Actions.sys.mjs:2027:39
dispatch/chainEvents&lt;@chrome://remote/content/shared/webdriver/Actions.sys.mjs:1938:27
dispatch@chrome://remote/content/shared/webdriver/Actions.sys.mjs:1940:7
performActions@chrome://remote/content/marionette/actors/MarionetteCommandsChild.sys.mjs:493:23
receiveMessage@chrome://remote/content/marionette/actors/MarionetteCommandsChild.sys.mjs:144:31
</status>
</kw>
<arg>Scroll Element Into View</arg>
<arg>xpath=${xpath_var}</arg>
<doc>Runs the given keyword with the given arguments and ignores possible error.</doc>
<status status="PASS" start="2024-09-10T22:06:43.235957" elapsed="0.191047"/>
</kw>
<kw name="Wait Until Element Is Enabled" owner="SeleniumLibrary">
<arg>xpath=${xpath_var}</arg>
<arg>timeout=10s</arg>
<doc>Waits until the element ``locator`` is enabled.</doc>
<status status="PASS" start="2024-09-10T22:06:43.427999" elapsed="0.054074"/>
</kw>
<kw name="Click Element" owner="SeleniumLibrary">
<msg time="2024-09-10T22:06:43.483093" level="INFO">Clicking element 'xpath=//li[@aria-label='Go to next Page']'.</msg>
<arg>xpath=${xpath_var}</arg>
<doc>Click the element identified by ``locator``.</doc>
<status status="PASS" start="2024-09-10T22:06:43.482073" elapsed="0.303696"/>
</kw>
<kw name="Sleep" owner="BuiltIn">
<msg time="2024-09-10T22:06:48.787691" level="INFO">Slept 5 seconds.</msg>
<arg>5</arg>
<doc>Pauses the test executed for the given time.</doc>
<status status="PASS" start="2024-09-10T22:06:43.785769" elapsed="5.001922"/>
</kw>
<status status="PASS" start="2024-09-10T22:06:43.195876" elapsed="5.592351"/>
</kw>
<var name="${i}">1</var>
<status status="PASS" start="2024-09-10T22:06:42.771182" elapsed="6.017045"/>
</iter>
<var>${i}</var>
<value>1</value>
<value>2</value>
<status status="PASS" start="2024-09-10T22:06:42.771182" elapsed="6.017045"/>
</for>
<kw name="Log Many" owner="BuiltIn">
<msg time="2024-09-10T22:06:48.789260" level="INFO">[{'price': '745 626 zł', 'url': 'https://www.otodom.pl/pl/oferta/przestronne-mieszkanie-z-dobrym-dojazdem-do-metra-ID4rSev', 'address': 'ul. Ostródzka, Grodzisk, Białołęka, Warszawa, mazowieckie', 'rooms': '2 pokoje', 'surface_area': '57.4m²', 'price_per_sqm': 12990.0, 'floor': '2 piętro'}, {'price': '779 000 zł', 'url': 'https://www.otodom.pl/pl/oferta/3-pokoje-cicho-zielono-po-remoncie-ew-zamiana-ID4snEB', 'address': 'ul. Krasnobrodzka, Bródno-Podgrodzie, Targówek, Warszawa, mazowieckie', 'rooms': '3 pokoje', 'surface_area': '55.2m²', 'price_per_sqm': 14112.0, 'floor': 'parter'}, {'price': '799 000 zł', 'url': 'https://www.otodom.pl/pl/oferta/mieszkanie-3-pokojowe-w-ursusie-ID4rY7R', 'address': 'ul. płk. Stanisława Dąbka, Skorosze, Ursus, Warszawa, mazowieckie', 'rooms': '3 pokoje', 'surface_area': '58m²', 'price_per_sqm': 13776.0, 'floor': '3 piętro'}, {'price': '475 000 zł', 'url': 'https://www.otodom.pl/pl/oferta/okazja-idealne-jako-inwestycja-lub-na-wynajem-ID4siad', 'address': 'ul. II Poprzeczna, Anin, Wawer, Warszawa, mazowieckie', 'rooms': '3 pokoje', 'surface_area': '75m²', 'price_per_sqm': 6333.0, 'floor': '3 piętro'}, {'price': '523 000 zł', 'url': 'https://www.otodom.pl/pl/oferta/pelna-wlasnosc-10-min-do-metra-z-wykonczeniem-ID4s992', 'address': 'ul. Głębocka, Grodzisk, Białołęka, Warszawa, mazowieckie', 'rooms': '2 pokoje', 'surface_area': '523000m²', 'price_per_sqm': 1.0, 'floor': '2 piętro'}, {'price': '544 300 zł', 'url': 'https://www.otodom.pl/pl/oferta/mieszkanie-inwestycyjne-hostel-suterena-60-5m2-ID4scuI', 'address': 'ul. Michała Spisaka 109, Czechowice, Ursus, Warszawa, mazowieckie', 'rooms': '2 pokoje', 'surface_area': '60.5m²', 'price_per_sqm': 8997.0, 'floor': 'suterena'}, {'price': '550 000 zł', 'url': 'https://www.otodom.pl/pl/oferta/specjana-oferta-gotowka-do-negocjacji-ID4mKM0', 'address': 'ul. Literacka, Stara Miłosna, Wesoła, Warszawa, mazowieckie', 'rooms': '2 pokoje', 'surface_area': '60m²', 'price_per_sqm': 9167.0, 'floor': '2 piętro'}, {'price': '575 091 zł', 'url': 'https://www.otodom.pl/pl/oferta/os-zamkniete-garaz-podziemny-winda-ID4snZ9', 'address': 'Stara Miłosna, Wesoła, Warszawa, mazowieckie', 'rooms': '2 pokoje', 'surface_area': '58.09m²', 'price_per_sqm': 9900.0, 'floor': '1 piętro'}, {'price': '587 000 zł', 'url': 'https://www.otodom.pl/pl/oferta/3-pokoje-ciche-rembertow-56-m2-od-dewelopera-ID4mWAa', 'address': 'ul. Chełmżyńska, Kawęczyn-Wygoda, Rembertów, Warszawa, mazowieckie', 'rooms': '3 pokoje', 'surface_area': '56.68m²', 'price_per_sqm': 10356.0, 'floor': '2 piętro'}, {'price': '595 000 zł', 'url': 'https://www.otodom.pl/pl/oferta/doskonala-propozycja-mieszkania-pod-wynajem-ID4qYpK', 'address': 'ul. Ogórkowa, Nadwiśle, Wawer, Warszawa, mazowieckie', 'rooms': '2 pokoje', 'surface_area': '55m²', 'price_per_sqm': 10818.0, 'floor': 'parter'}, {'price': '595 000 zł', 'url': 'https://www.otodom.pl/pl/oferta/doskonala-propozycja-mieszkania-pod-wynajem-ID4rMkF', 'address': 'Nadwiśle, Wawer, Warszawa, mazowieckie', 'rooms': '2 pokoje', 'surface_area': '55m²', 'price_per_sqm': 10818.0, 'floor': 'parter'}, {'price': '598 000 zł', 'url': 'https://www.otodom.pl/pl/oferta/nowe-mieszkanie-56m2-dostepne-od-zaraz-ID4qT9G', 'address': 'ul. Marmurowa, Choszczówka, Białołęka, Warszawa, mazowieckie', 'rooms': '2 pokoje', 'surface_area': '55.4m²', 'price_per_sqm': 10794.0, 'floor': '2 piętro'}, {'price': '599 000 zł', 'url': 'https://www.otodom.pl/pl/oferta/3-pokojowe-mieszkanie-ogrodek-dwa-st-postojowe-ID4s6rs', 'address': 'Zacisze, Targówek, Warszawa, mazowieckie', 'rooms': '3 pokoje', 'surface_area': '58m²', 'price_per_sqm': 10328.0, 'floor': 'parter'}, {'price': '599 000 zł', 'url': 'https://www.otodom.pl/pl/oferta/4-pokojowe-mieszkanie-do-remontu-w-wawrze-ID4qX6a', 'address': 'ul. Korkowa, Marysin Wawerski, Wawer, Warszawa, mazowieckie', 'rooms': '4 pokoje', 'surface_area': '57.87m²', 'price_per_sqm': 10351.0, 'floor': '4 piętro'}, {'price': '602 550 zł', 'url': 'https://www.otodom.pl/pl/oferta/bezczynszowe-3-pokoje-w-super-cenie-duzy-balkon-ID4rPAM', 'address': 'ul. Lewandów, Grodzisk, Białołęka, Warszawa, mazowieckie', 'rooms': '3 pokoje', 'surface_area': '58.5m²', 'price_per_sqm': 10300.0, 'floor': '2 piętro'}, {'price': '604 610 zł', 'url': 'https://www.otodom.pl/pl/oferta/komfortowe-3-pokoje-blisko-komunikacja-ID4seHI', 'address': 'ul. Lewandów, Grodzisk, Białołęka, Warszawa, mazowieckie', 'rooms': '3 pokoje', 'surface_area': '58.7m²', 'price_per_sqm': 10300.0, 'floor': '2 piętro'}, {'price': '610 000 zł', 'url': 'https://www.otodom.pl/pl/oferta/2-pokoje-wola-do-remontu-ID4shJ5', 'address': 'ul. Nowolipki, Nowolipki, Wola, Warszawa, mazowieckie', 'rooms': '2 pokoje', 'surface_area': '55m²', 'price_per_sqm': 11091.0, 'floor': '5 piętro'}, {'price': '611 000 zł', 'url': 'https://www.otodom.pl/pl/oferta/okazja-3-pokoje-duzy-balkon-oze-kredyt-0-ID4rfff', 'address': 'ul. Leona Berensona, Grodzisk, Białołęka, Warszawa, mazowieckie', 'rooms': '3 pokoje', 'surface_area': '55m²', 'price_per_sqm': 11109.0, 'floor': '2 piętro'}, {'price': '611 000 zł', 'url': 'https://www.otodom.pl/pl/oferta/3-pokoje-balkon-6-5m-oze-kredyt-0-eco-projekt-ID4qMNx', 'address': 'ul. Leona Berensona, Grodzisk, Białołęka, Warszawa, mazowieckie', 'rooms': '3 pokoje', 'surface_area': '55m²', 'price_per_sqm': 11109.0, 'floor': '2 piętro'}, {'price': '611 000 zł', 'url': 'https://www.otodom.pl/pl/oferta/3-pokoje-duzy-balkon-oze-kredyt-0-ID4qMN1', 'address': 'Białołęka Dworska, Białołęka, Warszawa, mazowieckie', 'rooms': '3 pokoje', 'surface_area': '55m²', 'price_per_sqm': 11109.0, 'floor': '2 piętro'}, {'price': '611 000 zł', 'url': 'https://www.otodom.pl/pl/oferta/okazja-3-pokoje-duzy-balkon-oze-kredyt-0-ID4rfeM', 'address': 'Białołęka Dworska, Białołęka, Warszawa, mazowieckie', 'rooms': '3 pokoje', 'surface_area': '55m²', 'price_per_sqm': 11109.0, 'floor': '2 piętro'}, {'price': '611 000 zł', 'url': 'https://www.otodom.pl/pl/oferta/3-pokoje-duzy-balkon-oze-kredyt-0-ID4qHxG', 'address': 'ul. Leona Berensona, Grodzisk, Białołęka, Warszawa, mazowieckie', 'rooms': '3 pokoje', 'surface_area': '55m²', 'price_per_sqm': 11109.0, 'floor': '2 piętro'}, {'price': '611 000 zł', 'url': 'https://www.otodom.pl/pl/oferta/ostatnie-mieszkanie-3-pokojowe-w-inwestycji-ID4rffk', 'address': 'ul. Leona Berensona, Grodzisk, Białołęka, Warszawa, mazowieckie', 'rooms': '3 pokoje', 'surface_area': '55m²', 'price_per_sqm': 11109.0, 'floor': '2 piętro'}, {'price': '611 000 zł', 'url': 'https://www.otodom.pl/pl/oferta/okazja-3-pokoje-duzy-balkon-kredyt-0-ostatnie-3p-ID4rg6z', 'address': 'ul. Leona Berensona, Grodzisk, Białołęka, Warszawa, mazowieckie', 'rooms': '3 pokoje', 'surface_area': '55m²', 'price_per_sqm': 11109.0, 'floor': '2 piętro'}, {'price': '611 000 zł', 'url': 'https://www.otodom.pl/pl/oferta/bialoleka-4-pokoje-autobus-do-metra-brodno-ID4pD7L', 'address': 'ul. Głębocka, Grodzisk, Białołęka, Warszawa, mazowieckie', 'rooms': '2 pokoje', 'surface_area': '55m²', 'price_per_sqm': 11109.0, 'floor': '1 piętro'}, {'price': '611 968 zł', 'url': 'https://www.otodom.pl/pl/oferta/nowe-mieszkania-duzy-wybor-bez-prowizji-ID4mWFw', 'address': 'ul. Leona Berensona, Grodzisk, Białołęka, Warszawa, mazowieckie', 'rooms': '4 pokoje', 'surface_area': '55m²', 'price_per_sqm': 11127.0, 'floor': '2 piętro'}, {'price': '617 000 zł', 'url': 'https://www.otodom.pl/pl/oferta/3-pok-ood-dewelopera-bez-prowizji-55-m2-rembertow-ID4rlrl', 'address': 'ul. Chełmżyńska, Kawęczyn-Wygoda, Rembertów, Warszawa, mazowieckie', 'rooms': '3 pokoje', 'surface_area': '55.45m²', 'price_per_sqm': 11127.0, 'floor': '1 piętro'}, {'price': '619 410 zł', 'url': 'https://www.otodom.pl/pl/oferta/nowe-gotowe-do-odbioru-duzy-balkon-ID4rVj8', 'address': 'Szamocin, Białołęka, Warszawa, mazowieckie', 'rooms': '3 pokoje', 'surface_area': '56.31m²', 'price_per_sqm': 11000.0, 'floor': '2 piętro'}]</msg>
<arg>${ALL_OFFERS}</arg>
<doc>Logs the given messages as separate entries using the INFO level.</doc>
<status status="PASS" start="2024-09-10T22:06:48.788227" elapsed="0.001033"/>
</kw>
<arg>${ALL_OFFERS}</arg>
<status status="PASS" start="2024-09-10T22:06:42.770183" elapsed="6.019077"/>
</kw>
<kw name="Log Many" owner="BuiltIn">
<msg time="2024-09-10T22:06:48.790421" level="INFO">[{'price': '745 626 zł', 'url': 'https://www.otodom.pl/pl/oferta/przestronne-mieszkanie-z-dobrym-dojazdem-do-metra-ID4rSev', 'address': 'ul. Ostródzka, Grodzisk, Białołęka, Warszawa, mazowieckie', 'rooms': '2 pokoje', 'surface_area': '57.4m²', 'price_per_sqm': 12990.0, 'floor': '2 piętro'}, {'price': '779 000 zł', 'url': 'https://www.otodom.pl/pl/oferta/3-pokoje-cicho-zielono-po-remoncie-ew-zamiana-ID4snEB', 'address': 'ul. Krasnobrodzka, Bródno-Podgrodzie, Targówek, Warszawa, mazowieckie', 'rooms': '3 pokoje', 'surface_area': '55.2m²', 'price_per_sqm': 14112.0, 'floor': 'parter'}, {'price': '799 000 zł', 'url': 'https://www.otodom.pl/pl/oferta/mieszkanie-3-pokojowe-w-ursusie-ID4rY7R', 'address': 'ul. płk. Stanisława Dąbka, Skorosze, Ursus, Warszawa, mazowieckie', 'rooms': '3 pokoje', 'surface_area': '58m²', 'price_per_sqm': 13776.0, 'floor': '3 piętro'}, {'price': '475 000 zł', 'url': 'https://www.otodom.pl/pl/oferta/okazja-idealne-jako-inwestycja-lub-na-wynajem-ID4siad', 'address': 'ul. II Poprzeczna, Anin, Wawer, Warszawa, mazowieckie', 'rooms': '3 pokoje', 'surface_area': '75m²', 'price_per_sqm': 6333.0, 'floor': '3 piętro'}, {'price': '523 000 zł', 'url': 'https://www.otodom.pl/pl/oferta/pelna-wlasnosc-10-min-do-metra-z-wykonczeniem-ID4s992', 'address': 'ul. Głębocka, Grodzisk, Białołęka, Warszawa, mazowieckie', 'rooms': '2 pokoje', 'surface_area': '523000m²', 'price_per_sqm': 1.0, 'floor': '2 piętro'}, {'price': '544 300 zł', 'url': 'https://www.otodom.pl/pl/oferta/mieszkanie-inwestycyjne-hostel-suterena-60-5m2-ID4scuI', 'address': 'ul. Michała Spisaka 109, Czechowice, Ursus, Warszawa, mazowieckie', 'rooms': '2 pokoje', 'surface_area': '60.5m²', 'price_per_sqm': 8997.0, 'floor': 'suterena'}, {'price': '550 000 zł', 'url': 'https://www.otodom.pl/pl/oferta/specjana-oferta-gotowka-do-negocjacji-ID4mKM0', 'address': 'ul. Literacka, Stara Miłosna, Wesoła, Warszawa, mazowieckie', 'rooms': '2 pokoje', 'surface_area': '60m²', 'price_per_sqm': 9167.0, 'floor': '2 piętro'}, {'price': '575 091 zł', 'url': 'https://www.otodom.pl/pl/oferta/os-zamkniete-garaz-podziemny-winda-ID4snZ9', 'address': 'Stara Miłosna, Wesoła, Warszawa, mazowieckie', 'rooms': '2 pokoje', 'surface_area': '58.09m²', 'price_per_sqm': 9900.0, 'floor': '1 piętro'}, {'price': '587 000 zł', 'url': 'https://www.otodom.pl/pl/oferta/3-pokoje-ciche-rembertow-56-m2-od-dewelopera-ID4mWAa', 'address': 'ul. Chełmżyńska, Kawęczyn-Wygoda, Rembertów, Warszawa, mazowieckie', 'rooms': '3 pokoje', 'surface_area': '56.68m²', 'price_per_sqm': 10356.0, 'floor': '2 piętro'}, {'price': '595 000 zł', 'url': 'https://www.otodom.pl/pl/oferta/doskonala-propozycja-mieszkania-pod-wynajem-ID4qYpK', 'address': 'ul. Ogórkowa, Nadwiśle, Wawer, Warszawa, mazowieckie', 'rooms': '2 pokoje', 'surface_area': '55m²', 'price_per_sqm': 10818.0, 'floor': 'parter'}, {'price': '595 000 zł', 'url': 'https://www.otodom.pl/pl/oferta/doskonala-propozycja-mieszkania-pod-wynajem-ID4rMkF', 'address': 'Nadwiśle, Wawer, Warszawa, mazowieckie', 'rooms': '2 pokoje', 'surface_area': '55m²', 'price_per_sqm': 10818.0, 'floor': 'parter'}, {'price': '598 000 zł', 'url': 'https://www.otodom.pl/pl/oferta/nowe-mieszkanie-56m2-dostepne-od-zaraz-ID4qT9G', 'address': 'ul. Marmurowa, Choszczówka, Białołęka, Warszawa, mazowieckie', 'rooms': '2 pokoje', 'surface_area': '55.4m²', 'price_per_sqm': 10794.0, 'floor': '2 piętro'}, {'price': '599 000 zł', 'url': 'https://www.otodom.pl/pl/oferta/3-pokojowe-mieszkanie-ogrodek-dwa-st-postojowe-ID4s6rs', 'address': 'Zacisze, Targówek, Warszawa, mazowieckie', 'rooms': '3 pokoje', 'surface_area': '58m²', 'price_per_sqm': 10328.0, 'floor': 'parter'}, {'price': '599 000 zł', 'url': 'https://www.otodom.pl/pl/oferta/4-pokojowe-mieszkanie-do-remontu-w-wawrze-ID4qX6a', 'address': 'ul. Korkowa, Marysin Wawerski, Wawer, Warszawa, mazowieckie', 'rooms': '4 pokoje', 'surface_area': '57.87m²', 'price_per_sqm': 10351.0, 'floor': '4 piętro'}, {'price': '602 550 zł', 'url': 'https://www.otodom.pl/pl/oferta/bezczynszowe-3-pokoje-w-super-cenie-duzy-balkon-ID4rPAM', 'address': 'ul. Lewandów, Grodzisk, Białołęka, Warszawa, mazowieckie', 'rooms': '3 pokoje', 'surface_area': '58.5m²', 'price_per_sqm': 10300.0, 'floor': '2 piętro'}, {'price': '604 610 zł', 'url': 'https://www.otodom.pl/pl/oferta/komfortowe-3-pokoje-blisko-komunikacja-ID4seHI', 'address': 'ul. Lewandów, Grodzisk, Białołęka, Warszawa, mazowieckie', 'rooms': '3 pokoje', 'surface_area': '58.7m²', 'price_per_sqm': 10300.0, 'floor': '2 piętro'}, {'price': '610 000 zł', 'url': 'https://www.otodom.pl/pl/oferta/2-pokoje-wola-do-remontu-ID4shJ5', 'address': 'ul. Nowolipki, Nowolipki, Wola, Warszawa, mazowieckie', 'rooms': '2 pokoje', 'surface_area': '55m²', 'price_per_sqm': 11091.0, 'floor': '5 piętro'}, {'price': '611 000 zł', 'url': 'https://www.otodom.pl/pl/oferta/okazja-3-pokoje-duzy-balkon-oze-kredyt-0-ID4rfff', 'address': 'ul. Leona Berensona, Grodzisk, Białołęka, Warszawa, mazowieckie', 'rooms': '3 pokoje', 'surface_area': '55m²', 'price_per_sqm': 11109.0, 'floor': '2 piętro'}, {'price': '611 000 zł', 'url': 'https://www.otodom.pl/pl/oferta/3-pokoje-balkon-6-5m-oze-kredyt-0-eco-projekt-ID4qMNx', 'address': 'ul. Leona Berensona, Grodzisk, Białołęka, Warszawa, mazowieckie', 'rooms': '3 pokoje', 'surface_area': '55m²', 'price_per_sqm': 11109.0, 'floor': '2 piętro'}, {'price': '611 000 zł', 'url': 'https://www.otodom.pl/pl/oferta/3-pokoje-duzy-balkon-oze-kredyt-0-ID4qMN1', 'address': 'Białołęka Dworska, Białołęka, Warszawa, mazowieckie', 'rooms': '3 pokoje', 'surface_area': '55m²', 'price_per_sqm': 11109.0, 'floor': '2 piętro'}, {'price': '611 000 zł', 'url': 'https://www.otodom.pl/pl/oferta/okazja-3-pokoje-duzy-balkon-oze-kredyt-0-ID4rfeM', 'address': 'Białołęka Dworska, Białołęka, Warszawa, mazowieckie', 'rooms': '3 pokoje', 'surface_area': '55m²', 'price_per_sqm': 11109.0, 'floor': '2 piętro'}, {'price': '611 000 zł', 'url': 'https://www.otodom.pl/pl/oferta/3-pokoje-duzy-balkon-oze-kredyt-0-ID4qHxG', 'address': 'ul. Leona Berensona, Grodzisk, Białołęka, Warszawa, mazowieckie', 'rooms': '3 pokoje', 'surface_area': '55m²', 'price_per_sqm': 11109.0, 'floor': '2 piętro'}, {'price': '611 000 zł', 'url': 'https://www.otodom.pl/pl/oferta/ostatnie-mieszkanie-3-pokojowe-w-inwestycji-ID4rffk', 'address': 'ul. Leona Berensona, Grodzisk, Białołęka, Warszawa, mazowieckie', 'rooms': '3 pokoje', 'surface_area': '55m²', 'price_per_sqm': 11109.0, 'floor': '2 piętro'}, {'price': '611 000 zł', 'url': 'https://www.otodom.pl/pl/oferta/okazja-3-pokoje-duzy-balkon-kredyt-0-ostatnie-3p-ID4rg6z', 'address': 'ul. Leona Berensona, Grodzisk, Białołęka, Warszawa, mazowieckie', 'rooms': '3 pokoje', 'surface_area': '55m²', 'price_per_sqm': 11109.0, 'floor': '2 piętro'}, {'price': '611 000 zł', 'url': 'https://www.otodom.pl/pl/oferta/bialoleka-4-pokoje-autobus-do-metra-brodno-ID4pD7L', 'address': 'ul. Głębocka, Grodzisk, Białołęka, Warszawa, mazowieckie', 'rooms': '2 pokoje', 'surface_area': '55m²', 'price_per_sqm': 11109.0, 'floor': '1 piętro'}, {'price': '611 968 zł', 'url': 'https://www.otodom.pl/pl/oferta/nowe-mieszkania-duzy-wybor-bez-prowizji-ID4mWFw', 'address': 'ul. Leona Berensona, Grodzisk, Białołęka, Warszawa, mazowieckie', 'rooms': '4 pokoje', 'surface_area': '55m²', 'price_per_sqm': 11127.0, 'floor': '2 piętro'}, {'price': '617 000 zł', 'url': 'https://www.otodom.pl/pl/oferta/3-pok-ood-dewelopera-bez-prowizji-55-m2-rembertow-ID4rlrl', 'address': 'ul. Chełmżyńska, Kawęczyn-Wygoda, Rembertów, Warszawa, mazowieckie', 'rooms': '3 pokoje', 'surface_area': '55.45m²', 'price_per_sqm': 11127.0, 'floor': '1 piętro'}, {'price': '619 410 zł', 'url': 'https://www.otodom.pl/pl/oferta/nowe-gotowe-do-odbioru-duzy-balkon-ID4rVj8', 'address': 'Szamocin, Białołęka, Warszawa, mazowieckie', 'rooms': '3 pokoje', 'surface_area': '56.31m²', 'price_per_sqm': 11000.0, 'floor': '2 piętro'}]</msg>
<arg>${ALL_OFFERS}</arg>
<doc>Logs the given messages as separate entries using the INFO level.</doc>
<status status="PASS" start="2024-09-10T22:06:48.789260" elapsed="0.001161"/>
</kw>
<kw name="Find Best Offers By Price Per Square Meter" owner="scrapping">
<kw name="Run Keyword If" owner="BuiltIn">
<arg>${ALL_OFFERS} == []</arg>
<arg>Log To Console</arg>
<arg>No offers found.</arg>
<doc>Runs the given keyword with the given arguments, if ``condition`` is true.</doc>
<status status="PASS" start="2024-09-10T22:06:48.791263" elapsed="0.000999"/>
</kw>
<kw name="Log Many" owner="BuiltIn">
<msg time="2024-09-10T22:06:48.793261" level="INFO">[{'price': '745 626 zł', 'url': 'https://www.otodom.pl/pl/oferta/przestronne-mieszkanie-z-dobrym-dojazdem-do-metra-ID4rSev', 'address': 'ul. Ostródzka, Grodzisk, Białołęka, Warszawa, mazowieckie', 'rooms': '2 pokoje', 'surface_area': '57.4m²', 'price_per_sqm': 12990.0, 'floor': '2 piętro'}, {'price': '779 000 zł', 'url': 'https://www.otodom.pl/pl/oferta/3-pokoje-cicho-zielono-po-remoncie-ew-zamiana-ID4snEB', 'address': 'ul. Krasnobrodzka, Bródno-Podgrodzie, Targówek, Warszawa, mazowieckie', 'rooms': '3 pokoje', 'surface_area': '55.2m²', 'price_per_sqm': 14112.0, 'floor': 'parter'}, {'price': '799 000 zł', 'url': 'https://www.otodom.pl/pl/oferta/mieszkanie-3-pokojowe-w-ursusie-ID4rY7R', 'address': 'ul. płk. Stanisława Dąbka, Skorosze, Ursus, Warszawa, mazowieckie', 'rooms': '3 pokoje', 'surface_area': '58m²', 'price_per_sqm': 13776.0, 'floor': '3 piętro'}, {'price': '475 000 zł', 'url': 'https://www.otodom.pl/pl/oferta/okazja-idealne-jako-inwestycja-lub-na-wynajem-ID4siad', 'address': 'ul. II Poprzeczna, Anin, Wawer, Warszawa, mazowieckie', 'rooms': '3 pokoje', 'surface_area': '75m²', 'price_per_sqm': 6333.0, 'floor': '3 piętro'}, {'price': '523 000 zł', 'url': 'https://www.otodom.pl/pl/oferta/pelna-wlasnosc-10-min-do-metra-z-wykonczeniem-ID4s992', 'address': 'ul. Głębocka, Grodzisk, Białołęka, Warszawa, mazowieckie', 'rooms': '2 pokoje', 'surface_area': '523000m²', 'price_per_sqm': 1.0, 'floor': '2 piętro'}, {'price': '544 300 zł', 'url': 'https://www.otodom.pl/pl/oferta/mieszkanie-inwestycyjne-hostel-suterena-60-5m2-ID4scuI', 'address': 'ul. Michała Spisaka 109, Czechowice, Ursus, Warszawa, mazowieckie', 'rooms': '2 pokoje', 'surface_area': '60.5m²', 'price_per_sqm': 8997.0, 'floor': 'suterena'}, {'price': '550 000 zł', 'url': 'https://www.otodom.pl/pl/oferta/specjana-oferta-gotowka-do-negocjacji-ID4mKM0', 'address': 'ul. Literacka, Stara Miłosna, Wesoła, Warszawa, mazowieckie', 'rooms': '2 pokoje', 'surface_area': '60m²', 'price_per_sqm': 9167.0, 'floor': '2 piętro'}, {'price': '575 091 zł', 'url': 'https://www.otodom.pl/pl/oferta/os-zamkniete-garaz-podziemny-winda-ID4snZ9', 'address': 'Stara Miłosna, Wesoła, Warszawa, mazowieckie', 'rooms': '2 pokoje', 'surface_area': '58.09m²', 'price_per_sqm': 9900.0, 'floor': '1 piętro'}, {'price': '587 000 zł', 'url': 'https://www.otodom.pl/pl/oferta/3-pokoje-ciche-rembertow-56-m2-od-dewelopera-ID4mWAa', 'address': 'ul. Chełmżyńska, Kawęczyn-Wygoda, Rembertów, Warszawa, mazowieckie', 'rooms': '3 pokoje', 'surface_area': '56.68m²', 'price_per_sqm': 10356.0, 'floor': '2 piętro'}, {'price': '595 000 zł', 'url': 'https://www.otodom.pl/pl/oferta/doskonala-propozycja-mieszkania-pod-wynajem-ID4qYpK', 'address': 'ul. Ogórkowa, Nadwiśle, Wawer, Warszawa, mazowieckie', 'rooms': '2 pokoje', 'surface_area': '55m²', 'price_per_sqm': 10818.0, 'floor': 'parter'}, {'price': '595 000 zł', 'url': 'https://www.otodom.pl/pl/oferta/doskonala-propozycja-mieszkania-pod-wynajem-ID4rMkF', 'address': 'Nadwiśle, Wawer, Warszawa, mazowieckie', 'rooms': '2 pokoje', 'surface_area': '55m²', 'price_per_sqm': 10818.0, 'floor': 'parter'}, {'price': '598 000 zł', 'url': 'https://www.otodom.pl/pl/oferta/nowe-mieszkanie-56m2-dostepne-od-zaraz-ID4qT9G', 'address': 'ul. Marmurowa, Choszczówka, Białołęka, Warszawa, mazowieckie', 'rooms': '2 pokoje', 'surface_area': '55.4m²', 'price_per_sqm': 10794.0, 'floor': '2 piętro'}, {'price': '599 000 zł', 'url': 'https://www.otodom.pl/pl/oferta/3-pokojowe-mieszkanie-ogrodek-dwa-st-postojowe-ID4s6rs', 'address': 'Zacisze, Targówek, Warszawa, mazowieckie', 'rooms': '3 pokoje', 'surface_area': '58m²', 'price_per_sqm': 10328.0, 'floor': 'parter'}, {'price': '599 000 zł', 'url': 'https://www.otodom.pl/pl/oferta/4-pokojowe-mieszkanie-do-remontu-w-wawrze-ID4qX6a', 'address': 'ul. Korkowa, Marysin Wawerski, Wawer, Warszawa, mazowieckie', 'rooms': '4 pokoje', 'surface_area': '57.87m²', 'price_per_sqm': 10351.0, 'floor': '4 piętro'}, {'price': '602 550 zł', 'url': 'https://www.otodom.pl/pl/oferta/bezczynszowe-3-pokoje-w-super-cenie-duzy-balkon-ID4rPAM', 'address': 'ul. Lewandów, Grodzisk, Białołęka, Warszawa, mazowieckie', 'rooms': '3 pokoje', 'surface_area': '58.5m²', 'price_per_sqm': 10300.0, 'floor': '2 piętro'}, {'price': '604 610 zł', 'url': 'https://www.otodom.pl/pl/oferta/komfortowe-3-pokoje-blisko-komunikacja-ID4seHI', 'address': 'ul. Lewandów, Grodzisk, Białołęka, Warszawa, mazowieckie', 'rooms': '3 pokoje', 'surface_area': '58.7m²', 'price_per_sqm': 10300.0, 'floor': '2 piętro'}, {'price': '610 000 zł', 'url': 'https://www.otodom.pl/pl/oferta/2-pokoje-wola-do-remontu-ID4shJ5', 'address': 'ul. Nowolipki, Nowolipki, Wola, Warszawa, mazowieckie', 'rooms': '2 pokoje', 'surface_area': '55m²', 'price_per_sqm': 11091.0, 'floor': '5 piętro'}, {'price': '611 000 zł', 'url': 'https://www.otodom.pl/pl/oferta/okazja-3-pokoje-duzy-balkon-oze-kredyt-0-ID4rfff', 'address': 'ul. Leona Berensona, Grodzisk, Białołęka, Warszawa, mazowieckie', 'rooms': '3 pokoje', 'surface_area': '55m²', 'price_per_sqm': 11109.0, 'floor': '2 piętro'}, {'price': '611 000 zł', 'url': 'https://www.otodom.pl/pl/oferta/3-pokoje-balkon-6-5m-oze-kredyt-0-eco-projekt-ID4qMNx', 'address': 'ul. Leona Berensona, Grodzisk, Białołęka, Warszawa, mazowieckie', 'rooms': '3 pokoje', 'surface_area': '55m²', 'price_per_sqm': 11109.0, 'floor': '2 piętro'}, {'price': '611 000 zł', 'url': 'https://www.otodom.pl/pl/oferta/3-pokoje-duzy-balkon-oze-kredyt-0-ID4qMN1', 'address': 'Białołęka Dworska, Białołęka, Warszawa, mazowieckie', 'rooms': '3 pokoje', 'surface_area': '55m²', 'price_per_sqm': 11109.0, 'floor': '2 piętro'}, {'price': '611 000 zł', 'url': 'https://www.otodom.pl/pl/oferta/okazja-3-pokoje-duzy-balkon-oze-kredyt-0-ID4rfeM', 'address': 'Białołęka Dworska, Białołęka, Warszawa, mazowieckie', 'rooms': '3 pokoje', 'surface_area': '55m²', 'price_per_sqm': 11109.0, 'floor': '2 piętro'}, {'price': '611 000 zł', 'url': 'https://www.otodom.pl/pl/oferta/3-pokoje-duzy-balkon-oze-kredyt-0-ID4qHxG', 'address': 'ul. Leona Berensona, Grodzisk, Białołęka, Warszawa, mazowieckie', 'rooms': '3 pokoje', 'surface_area': '55m²', 'price_per_sqm': 11109.0, 'floor': '2 piętro'}, {'price': '611 000 zł', 'url': 'https://www.otodom.pl/pl/oferta/ostatnie-mieszkanie-3-pokojowe-w-inwestycji-ID4rffk', 'address': 'ul. Leona Berensona, Grodzisk, Białołęka, Warszawa, mazowieckie', 'rooms': '3 pokoje', 'surface_area': '55m²', 'price_per_sqm': 11109.0, 'floor': '2 piętro'}, {'price': '611 000 zł', 'url': 'https://www.otodom.pl/pl/oferta/okazja-3-pokoje-duzy-balkon-kredyt-0-ostatnie-3p-ID4rg6z', 'address': 'ul. Leona Berensona, Grodzisk, Białołęka, Warszawa, mazowieckie', 'rooms': '3 pokoje', 'surface_area': '55m²', 'price_per_sqm': 11109.0, 'floor': '2 piętro'}, {'price': '611 000 zł', 'url': 'https://www.otodom.pl/pl/oferta/bialoleka-4-pokoje-autobus-do-metra-brodno-ID4pD7L', 'address': 'ul. Głębocka, Grodzisk, Białołęka, Warszawa, mazowieckie', 'rooms': '2 pokoje', 'surface_area': '55m²', 'price_per_sqm': 11109.0, 'floor': '1 piętro'}, {'price': '611 968 zł', 'url': 'https://www.otodom.pl/pl/oferta/nowe-mieszkania-duzy-wybor-bez-prowizji-ID4mWFw', 'address': 'ul. Leona Berensona, Grodzisk, Białołęka, Warszawa, mazowieckie', 'rooms': '4 pokoje', 'surface_area': '55m²', 'price_per_sqm': 11127.0, 'floor': '2 piętro'}, {'price': '617 000 zł', 'url': 'https://www.otodom.pl/pl/oferta/3-pok-ood-dewelopera-bez-prowizji-55-m2-rembertow-ID4rlrl', 'address': 'ul. Chełmżyńska, Kawęczyn-Wygoda, Rembertów, Warszawa, mazowieckie', 'rooms': '3 pokoje', 'surface_area': '55.45m²', 'price_per_sqm': 11127.0, 'floor': '1 piętro'}, {'price': '619 410 zł', 'url': 'https://www.otodom.pl/pl/oferta/nowe-gotowe-do-odbioru-duzy-balkon-ID4rVj8', 'address': 'Szamocin, Białołęka, Warszawa, mazowieckie', 'rooms': '3 pokoje', 'surface_area': '56.31m²', 'price_per_sqm': 11000.0, 'floor': '2 piętro'}]</msg>
<arg>${ALL_OFFERS}</arg>
<doc>Logs the given messages as separate entries using the INFO level.</doc>
<status status="PASS" start="2024-09-10T22:06:48.793261" elapsed="0.000000"/>
</kw>
<kw name="Find Best Offer By Price" owner="scraping_offers">
<msg time="2024-09-10T22:06:48.794476" level="INFO">${best_offers} = [{'price': '475 000 zł', 'url': 'https://www.otodom.pl/pl/oferta/okazja-idealne-jako-inwestycja-lub-na-wynajem-ID4siad', 'address': 'ul. II Poprzeczna, Anin, Wawer, Warszawa, mazowieckie', 'rooms': '3...</msg>
<var>${best_offers}</var>
<arg>${ALL_OFFERS}</arg>
<arg>${n}</arg>
<doc>Given a list of offers (each as a dictionary with 'price', 'url', 'address', 'rooms', 'surface_area', 'price_per_sqm', and 'floor'),
find the `n` best (lowest) price offers and return them.</doc>
<status status="PASS" start="2024-09-10T22:06:48.793261" elapsed="0.001215"/>
</kw>
<return>
<value>${best_offers}</value>
<status status="PASS" start="2024-09-10T22:06:48.795267" elapsed="0.000000"/>
</return>
<kw name="Log To Console" owner="BuiltIn">
<arg>The best ${n} offers:</arg>
<doc>Logs the given message to the console.</doc>
<status status="NOT RUN" start="2024-09-10T22:06:48.795267" elapsed="0.000000"/>
</kw>
<kw name="Log Many" owner="BuiltIn">
<arg>${best_offers}</arg>
<doc>Logs the given messages as separate entries using the INFO level.</doc>
<status status="NOT RUN" start="2024-09-10T22:06:48.795267" elapsed="0.000000"/>
</kw>
<msg time="2024-09-10T22:06:48.795267" level="INFO">${best_offers} = [{'price': '475 000 zł', 'url': 'https://www.otodom.pl/pl/oferta/okazja-idealne-jako-inwestycja-lub-na-wynajem-ID4siad', 'address': 'ul. II Poprzeczna, Anin, Wawer, Warszawa, mazowieckie', 'rooms': '3...</msg>
<var>${best_offers}</var>
<arg>${ALL_OFFERS}</arg>
<arg>10</arg>
<status status="PASS" start="2024-09-10T22:06:48.791263" elapsed="0.004004"/>
</kw>
<kw name="Save Offers to Excel" owner="scraping_offers">
<msg time="2024-09-10T22:06:48.977741" level="INFO">Offers saved to mieszkania.xlsx</msg>
<arg>${best_offers}</arg>
<arg>mieszkania.xlsx</arg>
<doc>Save the list of offers to an Excel file with columns 'Price', 'URL', 'Address', 'Rooms', 'Surface Area', 'Price per sqm', and 'Floor'.</doc>
<status status="PASS" start="2024-09-10T22:06:48.796259" elapsed="0.181482"/>
</kw>
<kw name="Close Browser" owner="SeleniumLibrary" type="TEARDOWN">
<doc>Closes the current browser.</doc>
<status status="PASS" start="2024-09-10T22:06:48.977741" elapsed="2.967381"/>
</kw>
<status status="PASS" start="2024-09-10T22:06:07.118601" elapsed="44.826521"/>
</test>
<test id="s1-s1-t2" name="Searching in otodom" line="29">
<kw name="Open Browser With Custom Profile" owner="searching" type="SETUP">
<kw name="Open Browser" owner="SeleniumLibrary">
<msg time="2024-09-10T22:06:51.947912" level="INFO">Opening browser 'Firefox' to base url 'https://www.otodom.pl'.</msg>
<arg>${HOME_URL}</arg>
<arg>${BROWSER}</arg>
<doc>Opens a new browser instance to the optional ``url``.</doc>
<status status="PASS" start="2024-09-10T22:06:51.945652" elapsed="7.104728"/>
</kw>
<kw name="Maximize Browser Window" owner="SeleniumLibrary">
<doc>Maximizes current browser window.</doc>
<status status="PASS" start="2024-09-10T22:06:59.050380" elapsed="0.275631"/>
</kw>
<kw name="Wait Until Element Is Visible" owner="SeleniumLibrary">
<arg>id=onetrust-accept-btn-handler</arg>
<doc>Waits until the element ``locator`` is visible.</doc>
<status status="PASS" start="2024-09-10T22:06:59.326011" elapsed="0.072934"/>
</kw>
<kw name="Click Button" owner="SeleniumLibrary">
<msg time="2024-09-10T22:06:59.400378" level="INFO">Clicking button 'id=onetrust-accept-btn-handler'.</msg>
<arg>id=onetrust-accept-btn-handler</arg>
<doc>Clicks the button identified by ``locator``.</doc>
<status status="PASS" start="2024-09-10T22:06:59.398945" elapsed="0.308586"/>
</kw>
<status status="PASS" start="2024-09-10T22:06:51.945652" elapsed="7.761879"/>
</kw>
<kw name="Create List" owner="BuiltIn">
<msg time="2024-09-10T22:06:59.708541" level="INFO">${ALL_OFFERS} = []</msg>
<var>${ALL_OFFERS}</var>
<doc>Returns a list containing given items.</doc>
<status status="PASS" start="2024-09-10T22:06:59.707531" elapsed="0.001010"/>
</kw>
<kw name="Click Type Dropdown" owner="searching">
<kw name="Click Element" owner="SeleniumLibrary">
<msg time="2024-09-10T22:06:59.709534" level="INFO">Clicking element 'css:.react-select__control'.</msg>
<arg>css:.react-select__control</arg>
<doc>Click the element identified by ``locator``.</doc>
<status status="PASS" start="2024-09-10T22:06:59.708541" elapsed="0.276819"/>
</kw>
<status status="PASS" start="2024-09-10T22:06:59.708541" elapsed="0.276819"/>
</kw>
<kw name="Select Type Dropdown Option" owner="searching">
<kw name="Click Element" owner="SeleniumLibrary">
<msg time="2024-09-10T22:06:59.986798" level="INFO">Clicking element 'xpath=//div[@role='option' and text()='Domy']'.</msg>
<arg>xpath=//div[@role='option' and text()='${estate_type}']</arg>
<doc>Click the element identified by ``locator``.</doc>
<status status="PASS" start="2024-09-10T22:06:59.986798" elapsed="0.250572"/>
</kw>
<arg>Domy</arg>
<status status="PASS" start="2024-09-10T22:06:59.985360" elapsed="0.252010"/>
</kw>
<kw name="Select Distance From list" owner="searching">
<kw name="Click Element" owner="SeleniumLibrary">
<msg time="2024-09-10T22:07:00.238375" level="INFO">Clicking element 'css:.css-100wgto'.</msg>
<arg>css:.${class_name}</arg>
<doc>Click the element identified by ``locator``.</doc>
<status status="PASS" start="2024-09-10T22:07:00.238375" elapsed="0.306354"/>
</kw>
<kw name="Click Element" owner="SeleniumLibrary">
<msg time="2024-09-10T22:07:00.545740" level="INFO">Clicking element 'xpath=//div[@aria-label='+ 10 km']'.</msg>
<arg>xpath=//div[@aria-label='${label_text}']</arg>
<doc>Click the element identified by ``locator``.</doc>
<status status="PASS" start="2024-09-10T22:07:00.544729" elapsed="0.242659"/>
</kw>
<arg>css-100wgto</arg>
<arg>+ 10 km</arg>
<status status="PASS" start="2024-09-10T22:07:00.237370" elapsed="0.550018"/>
</kw>
<kw name="Enter City in Input" owner="searching">
<kw name="Click Element" owner="SeleniumLibrary">
<msg time="2024-09-10T22:07:00.788386" level="INFO">Clicking element 'xpath=//input[@placeholder='Wpisz lokalizację']'.</msg>
<arg>xpath=//input[@placeholder='${placeholder_text}']</arg>
<doc>Click the element identified by ``locator``.</doc>
<status status="PASS" start="2024-09-10T22:07:00.788386" elapsed="0.252693"/>
</kw>
<kw name="Input Text" owner="SeleniumLibrary">
<msg time="2024-09-10T22:07:01.041079" level="INFO">Typing text 'Warszawa' into text field 'xpath=//input[@data-cy='search.form.location.input']'.</msg>
<arg>xpath=//input[@data-cy='search.form.location.input']</arg>
<arg>${input_text}</arg>
<doc>Types the given ``text`` into the text field identified by ``locator``.</doc>
<status status="PASS" start="2024-09-10T22:07:01.041079" elapsed="0.144441"/>
</kw>
<arg>Wpisz lokalizację</arg>
<arg>Warszawa</arg>
<status status="PASS" start="2024-09-10T22:07:00.788386" elapsed="0.397134"/>
</kw>
<kw name="Select City On List" owner="searching">
<kw name="Wait Until Element Is Visible" owner="SeleniumLibrary">
<arg>xpath=//p[.//mark[contains(text(), '${text}')]]</arg>
<arg>timeout=10s</arg>
<doc>Waits until the element ``locator`` is visible.</doc>
<status status="PASS" start="2024-09-10T22:07:01.186518" elapsed="1.036055"/>
</kw>
<kw name="Click Element" owner="SeleniumLibrary">
<msg time="2024-09-10T22:07:02.223582" level="INFO">Clicking element 'xpath=//p[.//mark[contains(text(), 'Warszawa')]]/..'.</msg>
<arg>xpath=//p[.//mark[contains(text(), '${text}')]]/..</arg>
<doc>Click the element identified by ``locator``.</doc>
<status status="PASS" start="2024-09-10T22:07:02.223582" elapsed="0.244601"/>
</kw>
<arg>Warszawa</arg>
<status status="PASS" start="2024-09-10T22:07:01.186518" elapsed="1.282703"/>
</kw>
<kw name="Enter Min Price" owner="searching">
<kw name="Click Element" owner="SeleniumLibrary">
<msg time="2024-09-10T22:07:02.469221" level="INFO">Clicking element 'id=priceMin'.</msg>
<arg>id=priceMin</arg>
<doc>Click the element identified by ``locator``.</doc>
<status status="PASS" start="2024-09-10T22:07:02.469221" elapsed="0.232108"/>
</kw>
<kw name="Input Text" owner="SeleniumLibrary">
<msg time="2024-09-10T22:07:02.702332" level="INFO">Typing text '400000' into text field 'id=priceMin'.</msg>
<arg>id=priceMin</arg>
<arg>${price}</arg>
<doc>Types the given ``text`` into the text field identified by ``locator``.</doc>
<status status="PASS" start="2024-09-10T22:07:02.701329" elapsed="0.033552"/>
</kw>
<arg>400000</arg>
<status status="PASS" start="2024-09-10T22:07:02.469221" elapsed="0.265660"/>
</kw>
<kw name="Enter Max Price" owner="searching">
<kw name="Click Element" owner="SeleniumLibrary">
<msg time="2024-09-10T22:07:02.736126" level="INFO">Clicking element 'id=priceMax'.</msg>
<arg>id=priceMax</arg>
<doc>Click the element identified by ``locator``.</doc>
<status status="PASS" start="2024-09-10T22:07:02.734881" elapsed="0.228568"/>
</kw>
<kw name="Input Text" owner="SeleniumLibrary">
<msg time="2024-09-10T22:07:02.964723" level="INFO">Typing text '800000' into text field 'id=priceMax'.</msg>
<arg>id=priceMax</arg>
<arg>${price}</arg>
<doc>Types the given ``text`` into the text field identified by ``locator``.</doc>
<status status="PASS" start="2024-09-10T22:07:02.963449" elapsed="0.032808"/>
</kw>
<arg>800000</arg>
<status status="PASS" start="2024-09-10T22:07:02.734881" elapsed="0.262731"/>
</kw>
<kw name="Click Wyszukaj" owner="searching">
<kw name="Wait Until Element Is Enabled" owner="SeleniumLibrary">
<arg>id=search-form-submit</arg>
<doc>Waits until the element ``locator`` is enabled.</doc>
<status status="PASS" start="2024-09-10T22:07:02.997612" elapsed="0.430097"/>
</kw>
<kw name="Click Button" owner="SeleniumLibrary">
<msg time="2024-09-10T22:07:03.428729" level="INFO">Clicking button 'id=search-form-submit'.</msg>
<arg>id=search-form-submit</arg>
<doc>Clicks the button identified by ``locator``.</doc>
<status status="PASS" start="2024-09-10T22:07:03.428729" elapsed="0.275296"/>
</kw>
<status status="PASS" start="2024-09-10T22:07:02.997612" elapsed="0.706413"/>
</kw>
<kw name="Handle Sorting Options">
<kw name="Run Keyword And Ignore Error" owner="BuiltIn">
<kw name="Click Element By Partial Text" owner="searching">
<kw name="Wait Until Element Is Visible" owner="SeleniumLibrary">
<arg>xpath=//*[contains(text(), '${text}')]</arg>
<arg>timeout=20s</arg>
<doc>Waits until the element ``locator`` is visible.</doc>
<status status="PASS" start="2024-09-10T22:07:03.705551" elapsed="1.144883"/>
</kw>
<kw name="Click Element" owner="SeleniumLibrary">
<msg time="2024-09-10T22:07:04.850434" level="INFO">Clicking element 'xpath=//*[contains(text(), 'Data dodania: najnowsze')]'.</msg>
<arg>xpath=//*[contains(text(), '${text}')]</arg>
<doc>Click the element identified by ``locator``.</doc>
<status status="PASS" start="2024-09-10T22:07:04.850434" elapsed="0.393030"/>
</kw>
<arg>Data dodania: najnowsze</arg>
<status status="PASS" start="2024-09-10T22:07:03.705551" elapsed="1.537913"/>
</kw>
<arg>Click Element By Partial Text</arg>
<arg>Data dodania: najnowsze</arg>
<doc>Runs the given keyword with the given arguments and ignores possible error.</doc>
<status status="PASS" start="2024-09-10T22:07:03.705027" elapsed="1.538437"/>
</kw>
<kw name="Run Keyword And Ignore Error" owner="BuiltIn">
<kw name="Click Element By Partial Text" owner="searching">
[...]
dek-55m-ID4spoM', 'address': 'Marki, wołomiński, mazowieckie', 'rooms': '3 pokoje', 'surface_area': '53.43m²', 'price_per_sqm': 10406.0, 'floor': None}, {'price': '570 000 zł', 'url': 'https://www.otodom.pl/pl/oferta/wideo-ostatni-blizniak-z-pompa-ciepla-i-klima-ID4s43q', 'address': 'Kobyłka, wołomiński, mazowieckie', 'rooms': '3 pokoje', 'surface_area': '61m²', 'price_per_sqm': 9344.0, 'floor': None}, {'price': '580 000 zł', 'url': 'https://www.otodom.pl/pl/oferta/3-pokoje-2-miejsca-ogrodek-35-m2-ID4sbhf', 'address': 'Wołomin, Wołomin, wołomiński, mazowieckie', 'rooms': '3 pokoje', 'surface_area': '62.83m²', 'price_per_sqm': 9231.0, 'floor': None}, {'price': '585 000 zł', 'url': 'https://www.otodom.pl/pl/oferta/bezczynszowe-62-m2-ogr-42-m2-2-miejsca-s-8-1-2km-ID4shur', 'address': 'Kobyłka, wołomiński, mazowieckie', 'rooms': '3 pokoje', 'surface_area': '61.73m²', 'price_per_sqm': 9477.0, 'floor': None}, {'price': '588 300 zł', 'url': 'https://www.otodom.pl/pl/oferta/syndyk-sprzeda-1-2-udzialu-nieruchomosci-ID4so83', 'address': 'Wołomin, Wołomin, wołomiński, mazowieckie', 'rooms': '8 pokoi', 'surface_area': '205m²', 'price_per_sqm': 2870.0, 'floor': None}, {'price': '589 000 zł', 'url': 'https://www.otodom.pl/pl/oferta/3-pokojowy-dom-65m2-ogrodek-bezposrednio-ID4qXAp', 'address': 'ul. Piaseczyńska, Słomin, Raszyn, pruszkowski, mazowieckie', 'rooms': '3 pokoje', 'surface_area': '65.83m²', 'price_per_sqm': 8947.0, 'floor': None}, {'price': '589 000 zł', 'url': 'https://www.otodom.pl/pl/oferta/3-pokojowy-dom-65m2-ogrodek-bez-posrednikow-ID4qXAG', 'address': None, 'rooms': '3 pokoje', 'surface_area': '65.83m²', 'price_per_sqm': 8947.0, 'floor': None}, {'price': '589 000 zł', 'url': 'https://www.otodom.pl/pl/oferta/3-pokojowy-dom-65m2-ogrodek-bezposrednio-ID4qXAj', 'address': None, 'rooms': '3 pokoje', 'surface_area': '65.83m²', 'price_per_sqm': 8947.0, 'floor': None}, {'price': '619 000 zł', 'url': 'https://www.otodom.pl/pl/oferta/3-pokojowy-dom-72m2-ogrodek-bezposrednio-ID4qXzR', 'address': None, 'rooms': '3 pokoje', 'surface_area': '72.9m²', 'price_per_sqm': 8491.0, 'floor': None}, {'price': '619 000 zł', 'url': 'https://www.otodom.pl/pl/oferta/3-pokojowy-dom-72m2-ogrodek-bezposrednio-ID4qXAv', 'address': None, 'rooms': '3 pokoje', 'surface_area': '72.9m²', 'price_per_sqm': 8491.0, 'floor': None}, {'price': '595 000 zł', 'url': 'https://www.otodom.pl/pl/oferta/dom-blizniak-125m2-oraz-dzialka-368m2-przy-pkp-ID4r5ow', 'address': 'Ząbki, wołomiński, mazowieckie', 'rooms': '6 pokoi', 'surface_area': '125m²', 'price_per_sqm': 4760.0, 'floor': None}, {'price': '599 000 zł', 'url': 'https://www.otodom.pl/pl/oferta/szeregowka-z-klimatycznym-ogrodkiem-falenica-ID4lR38', 'address': 'Falenica, Wawer, Warszawa, mazowieckie', 'rooms': '2 pokoje', 'surface_area': '48m²', 'price_per_sqm': 12479.0, 'floor': None}, {'price': '600 000 zł', 'url': 'https://www.otodom.pl/pl/oferta/apartament-piaseczno-75m2-2xparking-bezposrednio-ID4qatA', 'address': 'Łoziska, Lesznowola, piaseczyński, mazowieckie', 'rooms': '2 pokoje', 'surface_area': '75m²', 'price_per_sqm': 8000.0, 'floor': None}, {'price': '600 000 zł', 'url': 'https://www.otodom.pl/pl/oferta/jednopietrowy-dom-z-ogrodem-ID4l8y0', 'address': 'Duchnice, Ożarów Mazowiecki, warszawski zachodni, mazowieckie', 'rooms': '3 pokoje', 'surface_area': '98.9m²', 'price_per_sqm': 6067.0, 'floor': None}, {'price': '600 000 zł', 'url': 'https://www.otodom.pl/pl/oferta/dom-blizniak-4-mieszkania-marki-okazja-ID4snb1', 'address': 'Marki, wołomiński, mazowieckie', 'rooms': '3 pokoje', 'surface_area': '73.9m²', 'price_per_sqm': 8119.0, 'floor': None}, {'price': '600 000 zł', 'url': 'https://www.otodom.pl/pl/oferta/75-m2-s-7blisko-miasta-ID4ppP2', 'address': 'Łoziska, Lesznowola, piaseczyński, mazowieckie', 'rooms': '2 pokoje', 'surface_area': '75m²', 'price_per_sqm': 8000.0, 'floor': None}, {'price': '605 000 zł', 'url': 'https://www.otodom.pl/pl/oferta/dom-254m2-blisko-warszawy-605-000zl-1200m2-dzial-ID4p7R9', 'address': 'Wiązowna Gminna, Wiązowna, otwocki, mazowieckie', 'rooms': '6 pokoi', 'surface_area': '200m²', 'price_per_sqm': 3025.0, 'floor': None}, {'price': '610 000 zł', 'url': 'https://www.otodom.pl/pl/oferta/okazja-dom-w-cenie-mieszkania-ID4sgEb', 'address': 'Legionowo, legionowski, mazowieckie', 'rooms': '2 pokoje', 'surface_area': '65m²', 'price_per_sqm': 9385.0, 'floor': None}, {'price': '610 000 zł', 'url': 'https://www.otodom.pl/pl/oferta/1-2-blizniaka-66-m2-ogrodek-i-2-miejsca-postojowe-ID4rW8y', 'address': 'ul. Stefana Nasfetera, Kobyłka, wołomiński, mazowieckie', 'rooms': '4 pokoje', 'surface_area': '66.46m²', 'price_per_sqm': 9178.0, 'floor': None}]</msg>
<arg>${ALL_OFFERS}</arg>
<doc>Logs the given messages as separate entries using the INFO level.</doc>
<status status="PASS" start="2024-09-10T22:07:43.538097" elapsed="0.001031"/>
</kw>
<kw name="Find Best Offers By Price Per Square Meter" owner="scrapping">
<kw name="Run Keyword If" owner="BuiltIn">
<arg>${ALL_OFFERS} == []</arg>
<arg>Log To Console</arg>
<arg>No offers found.</arg>
<doc>Runs the given keyword with the given arguments, if ``condition`` is true.</doc>
<status status="PASS" start="2024-09-10T22:07:43.540128" elapsed="0.001000"/>
</kw>
<kw name="Log Many" owner="BuiltIn">
<msg time="2024-09-10T22:07:43.542303" level="INFO">[{'price': '680 000 zł', 'url': 'https://www.otodom.pl/pl/oferta/dom-do-wlasnej-aranzacji-wolka-radzyminska-ID4sgDK', 'address': 'Wólka Radzymińska, Nieporęt, legionowski, mazowieckie', 'rooms': '5 pokoi', 'surface_area': '187m²', 'price_per_sqm': 3636.0, 'floor': None}, {'price': '749 000 zł', 'url': 'https://www.otodom.pl/pl/oferta/4-pokojowy-dom-84m2-ogrodek-bezposrednio-ID4qJtX', 'address': 'ul. Poprzeczna, Lesznowola, Lesznowola, piaseczyński, mazowieckie', 'rooms': '4 pokoje', 'surface_area': '84.96m²', 'price_per_sqm': 8816.0, 'floor': None}, {'price': '800 000 zł', 'url': 'https://www.otodom.pl/pl/oferta/dom-w-zabudowie-blizniaczej-ID4qpC1', 'address': 'ul. Złota, Wołomin, Wołomin, wołomiński, mazowieckie', 'rooms': '6 pokoi', 'surface_area': '188.9m²', 'price_per_sqm': 4235.0, 'floor': None}, {'price': '423 675 zł', 'url': 'https://www.otodom.pl/pl/oferta/dom-ul-broniewskiego-05-500-piaseczno-ID4l7Px', 'address': 'Jazgarzew, Piaseczno, piaseczyński, mazowieckie', 'rooms': '6 pokoi', 'surface_area': '190m²', 'price_per_sqm': 2230.0, 'floor': None}, {'price': '439 000 zł', 'url': 'https://www.otodom.pl/pl/oferta/domek-caloroczny-ID4rJRI', 'address': 'ul. Strużańska, Czarna Struga, Nieporęt, legionowski, mazowieckie', 'rooms': '2 pokoje', 'surface_area': '60m²', 'price_per_sqm': 7317.0, 'floor': None}, {'price': '450 000 zł', 'url': 'https://www.otodom.pl/pl/oferta/caloroczny-dom-modulowy-fiolek-40m2-pod-klucz-ID4pJbd', 'address': 'Ożarów Mazowiecki, Ożarów Mazowiecki, warszawski zachodni, mazowieckie', 'rooms': '2 pokoje', 'surface_area': '40m²', 'price_per_sqm': 11250.0, 'floor': None}, {'price': '450 750 zł', 'url': 'https://www.otodom.pl/pl/oferta/dom-jednorodzinny-20-km-od-warszawy-ID4rJHf', 'address': 'Dziekanów Leśny, Łomianki, warszawski zachodni, mazowieckie', 'rooms': '6 pokoi', 'surface_area': '119.25m²', 'price_per_sqm': 3780.0, 'floor': None}, {'price': '487 000 zł', 'url': 'https://www.otodom.pl/pl/oferta/mieszkanie-z-lokalami-uslugowymi-ID4qdkd', 'address': 'ul. Armii Krajowej, Karczew, Karczew, otwocki, mazowieckie', 'rooms': '6 pokoi', 'surface_area': '250m²', 'price_per_sqm': 1948.0, 'floor': None}, {'price': '499 000 zł', 'url': 'https://www.otodom.pl/pl/oferta/1-2-blizniaka-70-5-m2-ogrodek-i-2-miejsca-postojow-ID4oOpR', 'address': 'ul. Stara, Nadma, Radzymin, wołomiński, mazowieckie', 'rooms': '4 pokoje', 'surface_area': '70.5m²', 'price_per_sqm': 7078.0, 'floor': None}, {'price': '499 000 zł', 'url': 'https://www.otodom.pl/pl/oferta/segment-72-m2-ogrodek-i-2-miejsca-postojowe-ID4rmGp', 'address': 'ul. Bazyliowa, Nadma, Radzymin, wołomiński, mazowieckie', 'rooms': '4 pokoje', 'surface_area': '72.51m²', 'price_per_sqm': 6882.0, 'floor': None}, {'price': '499 000 zł', 'url': 'https://www.otodom.pl/pl/oferta/dom-w-scislym-centrum-otwocka-ID4shR6', 'address': 'Otwock, otwocki, mazowieckie', 'rooms': '4 pokoje', 'surface_area': '80m²', 'price_per_sqm': 6238.0, 'floor': None}, {'price': '525 000 zł', 'url': 'https://www.otodom.pl/pl/oferta/bezposrednio-od-dewelopera-parterowe-z-ogrodkiem-ID4sq3f', 'address': 'Marki, wołomiński, mazowieckie', 'rooms': '2 pokoje', 'surface_area': '45m²', 'price_per_sqm': 11667.0, 'floor': None}, {'price': '539 000 zł', 'url': 'https://www.otodom.pl/pl/oferta/mini-segment-4-pokoje-pow-63m-ogrod-63m-ID4s6UJ', 'address': 'Kobyłka, wołomiński, mazowieckie', 'rooms': '4 pokoje', 'surface_area': '64m²', 'price_per_sqm': 8422.0, 'floor': None}, {'price': '545 000 zł', 'url': 'https://www.otodom.pl/pl/oferta/murowany-dom-w-cenie-mieszkania-ID4s2Ga', 'address': 'Legionowo, legionowski, mazowieckie', 'rooms': '5 pokoi', 'surface_area': '120m²', 'price_per_sqm': 4542.0, 'floor': None}, {'price': '556 000 zł', 'url': 'https://www.otodom.pl/pl/oferta/3-pokoje-dwa-miejsca-ogrodek-55m-ID4spoM', 'address': 'Marki, wołomiński, mazowieckie', 'rooms': '3 pokoje', 'surface_area': '53.43m²', 'price_per_sqm': 10406.0, 'floor': None}, {'price': '570 000 zł', 'url': 'https://www.otodom.pl/pl/oferta/wideo-ostatni-blizniak-z-pompa-ciepla-i-klima-ID4s43q', 'address': 'Kobyłka, wołomiński, mazowieckie', 'rooms': '3 pokoje', 'surface_area': '61m²', 'price_per_sqm': 9344.0, 'floor': None}, {'price': '580 000 zł', 'url': 'https://www.otodom.pl/pl/oferta/3-pokoje-2-miejsca-ogrodek-35-m2-ID4sbhf', 'address': 'Wołomin, Wołomin, wołomiński, mazowieckie', 'rooms': '3 pokoje', 'surface_area': '62.83m²', 'price_per_sqm': 9231.0, 'floor': None}, {'price': '585 000 zł', 'url': 'https://www.otodom.pl/pl/oferta/bezczynszowe-62-m2-ogr-42-m2-2-miejsca-s-8-1-2km-ID4shur', 'address': 'Kobyłka, wołomiński, mazowieckie', 'rooms': '3 pokoje', 'surface_area': '61.73m²', 'price_per_sqm': 9477.0, 'floor': None}, {'price': '588 300 zł', 'url': 'https://www.otodom.pl/pl/oferta/syndyk-sprzeda-1-2-udzialu-nieruchomosci-ID4so83', 'address': 'Wołomin, Wołomin, wołomiński, mazowieckie', 'rooms': '8 pokoi', 'surface_area': '205m²', 'price_per_sqm': 2870.0, 'floor': None}, {'price': '589 000 zł', 'url': 'https://www.otodom.pl/pl/oferta/3-pokojowy-dom-65m2-ogrodek-bezposrednio-ID4qXAp', 'address': 'ul. Piaseczyńska, Słomin, Raszyn, pruszkowski, mazowieckie', 'rooms': '3 pokoje', 'surface_area': '65.83m²', 'price_per_sqm': 8947.0, 'floor': None}, {'price': '589 000 zł', 'url': 'https://www.otodom.pl/pl/oferta/3-pokojowy-dom-65m2-ogrodek-bez-posrednikow-ID4qXAG', 'address': None, 'rooms': '3 pokoje', 'surface_area': '65.83m²', 'price_per_sqm': 8947.0, 'floor': None}, {'price': '589 000 zł', 'url': 'https://www.otodom.pl/pl/oferta/3-pokojowy-dom-65m2-ogrodek-bezposrednio-ID4qXAj', 'address': None, 'rooms': '3 pokoje', 'surface_area': '65.83m²', 'price_per_sqm': 8947.0, 'floor': None}, {'price': '619 000 zł', 'url': 'https://www.otodom.pl/pl/oferta/3-pokojowy-dom-72m2-ogrodek-bezposrednio-ID4qXzR', 'address': None, 'rooms': '3 pokoje', 'surface_area': '72.9m²', 'price_per_sqm': 8491.0, 'floor': None}, {'price': '619 000 zł', 'url': 'https://www.otodom.pl/pl/oferta/3-pokojowy-dom-72m2-ogrodek-bezposrednio-ID4qXAv', 'address': None, 'rooms': '3 pokoje', 'surface_area': '72.9m²', 'price_per_sqm': 8491.0, 'floor': None}, {'price': '595 000 zł', 'url': 'https://www.otodom.pl/pl/oferta/dom-blizniak-125m2-oraz-dzialka-368m2-przy-pkp-ID4r5ow', 'address': 'Ząbki, wołomiński, mazowieckie', 'rooms': '6 pokoi', 'surface_area': '125m²', 'price_per_sqm': 4760.0, 'floor': None}, {'price': '599 000 zł', 'url': 'https://www.otodom.pl/pl/oferta/szeregowka-z-klimatycznym-ogrodkiem-falenica-ID4lR38', 'address': 'Falenica, Wawer, Warszawa, mazowieckie', 'rooms': '2 pokoje', 'surface_area': '48m²', 'price_per_sqm': 12479.0, 'floor': None}, {'price': '600 000 zł', 'url': 'https://www.otodom.pl/pl/oferta/apartament-piaseczno-75m2-2xparking-bezposrednio-ID4qatA', 'address': 'Łoziska, Lesznowola, piaseczyński, mazowieckie', 'rooms': '2 pokoje', 'surface_area': '75m²', 'price_per_sqm': 8000.0, 'floor': None}, {'price': '600 000 zł', 'url': 'https://www.otodom.pl/pl/oferta/jednopietrowy-dom-z-ogrodem-ID4l8y0', 'address': 'Duchnice, Ożarów Mazowiecki, warszawski zachodni, mazowieckie', 'rooms': '3 pokoje', 'surface_area': '98.9m²', 'price_per_sqm': 6067.0, 'floor': None}, {'price': '600 000 zł', 'url': 'https://www.otodom.pl/pl/oferta/dom-blizniak-4-mieszkania-marki-okazja-ID4snb1', 'address': 'Marki, wołomiński, mazowieckie', 'rooms': '3 pokoje', 'surface_area': '73.9m²', 'price_per_sqm': 8119.0, 'floor': None}, {'price': '600 000 zł', 'url': 'https://www.otodom.pl/pl/oferta/75-m2-s-7blisko-miasta-ID4ppP2', 'address': 'Łoziska, Lesznowola, piaseczyński, mazowieckie', 'rooms': '2 pokoje', 'surface_area': '75m²', 'price_per_sqm': 8000.0, 'floor': None}, {'price': '605 000 zł', 'url': 'https://www.otodom.pl/pl/oferta/dom-254m2-blisko-warszawy-605-000zl-1200m2-dzial-ID4p7R9', 'address': 'Wiązowna Gminna, Wiązowna, otwocki, mazowieckie', 'rooms': '6 pokoi', 'surface_area': '200m²', 'price_per_sqm': 3025.0, 'floor': None}, {'price': '610 000 zł', 'url': 'https://www.otodom.pl/pl/oferta/okazja-dom-w-cenie-mieszkania-ID4sgEb', 'address': 'Legionowo, legionowski, mazowieckie', 'rooms': '2 pokoje', 'surface_area': '65m²', 'price_per_sqm': 9385.0, 'floor': None}, {'price': '610 000 zł', 'url': 'https://www.otodom.pl/pl/oferta/1-2-blizniaka-66-m2-ogrodek-i-2-miejsca-postojowe-ID4rW8y', 'address': 'ul. Stefana Nasfetera, Kobyłka, wołomiński, mazowieckie', 'rooms': '4 pokoje', 'surface_area': '66.46m²', 'price_per_sqm': 9178.0, 'floor': None}]</msg>
<arg>${ALL_OFFERS}</arg>
<doc>Logs the given messages as separate entries using the INFO level.</doc>
<status status="PASS" start="2024-09-10T22:07:43.541128" elapsed="0.001708"/>
</kw>
<kw name="Find Best Offer By Price" owner="scraping_offers">
<msg time="2024-09-10T22:07:43.542836" level="INFO">${best_offers} = [{'price': '487 000 zł', 'url': 'https://www.otodom.pl/pl/oferta/mieszkanie-z-lokalami-uslugowymi-ID4qdkd', 'address': 'ul. Armii Krajowej, Karczew, Karczew, otwocki, mazowieckie', 'rooms': '6 pokoi',...</msg>
<var>${best_offers}</var>
<arg>${ALL_OFFERS}</arg>
<arg>${n}</arg>
<doc>Given a list of offers (each as a dictionary with 'price', 'url', 'address', 'rooms', 'surface_area', 'price_per_sqm', and 'floor'),
find the `n` best (lowest) price offers and return them.</doc>
<status status="PASS" start="2024-09-10T22:07:43.542836" elapsed="0.000000"/>
</kw>
<return>
<value>${best_offers}</value>
<status status="PASS" start="2024-09-10T22:07:43.542836" elapsed="0.001033"/>
</return>
<kw name="Log To Console" owner="BuiltIn">
<arg>The best ${n} offers:</arg>
<doc>Logs the given message to the console.</doc>
<status status="NOT RUN" start="2024-09-10T22:07:43.543869" elapsed="0.000000"/>
</kw>
<kw name="Log Many" owner="BuiltIn">
<arg>${best_offers}</arg>
<doc>Logs the given messages as separate entries using the INFO level.</doc>
<status status="NOT RUN" start="2024-09-10T22:07:43.543869" elapsed="0.000000"/>
</kw>
<msg time="2024-09-10T22:07:43.543869" level="INFO">${best_offers} = [{'price': '487 000 zł', 'url': 'https://www.otodom.pl/pl/oferta/mieszkanie-z-lokalami-uslugowymi-ID4qdkd', 'address': 'ul. Armii Krajowej, Karczew, Karczew, otwocki, mazowieckie', 'rooms': '6 pokoi',...</msg>
<var>${best_offers}</var>
<arg>${ALL_OFFERS}</arg>
<arg>10</arg>
<status status="PASS" start="2024-09-10T22:07:43.539128" elapsed="0.004741"/>
</kw>
<kw name="Save Offers to Excel" owner="scraping_offers">
<msg time="2024-09-10T22:07:43.559115" level="INFO">Offers saved to domy.xlsx</msg>
<arg>${best_offers}</arg>
<arg>domy.xlsx</arg>
<doc>Save the list of offers to an Excel file with columns 'Price', 'URL', 'Address', 'Rooms', 'Surface Area', 'Price per sqm', and 'Floor'.</doc>
<status status="PASS" start="2024-09-10T22:07:43.543869" elapsed="0.015246"/>
</kw>
<kw name="Close Browser" owner="SeleniumLibrary" type="TEARDOWN">
<doc>Closes the current browser.</doc>
<status status="PASS" start="2024-09-10T22:07:43.560271" elapsed="2.902667"/>
</kw>
<status status="PASS" start="2024-09-10T22:06:51.945652" elapsed="54.517286"/>
</test>
<status status="PASS" start="2024-09-10T22:06:06.323776" elapsed="100.141671"/>
</suite>
<status status="PASS" start="2024-09-10T22:06:06.303762" elapsed="100.162736"/>
</suite>
<statistics>
<total>
<stat pass="2" fail="0" skip="0">All Tests</stat>
</total>
<tag>
</tag>
<suite>
<stat pass="2" fail="0" skip="0" id="s1" name="Tests">Tests</stat>
<stat pass="2" fail="0" skip="0" id="s1-s1" name="Searching">Tests.Searching</stat>
</suite>
</statistics>
<errors>
<msg time="2024-09-10T22:06:06.648017" level="ERROR">Error in file 'C:\Projekty_Python\Robot2\BestHouseEver\Resources\scrapping.resource' on line 3: Importing library '../Resources/searching.resource' failed: ModuleNotFoundError: No module named '.'
Traceback (most recent call last):
  None
PYTHONPATH:
  C:\Users\micha\AppData\Roaming\JetBrains\PyCharmCE2024.2\plugins\robotframework-intellij\lib\robotframework_debug_adapter
  C:\Projekty_Python\Robot2\BestHouseEver\python_scripts
  C:\Users\micha\AppData\Roaming\JetBrains\PyCharmCE2024.2\plugins\robotframework-intellij\lib
  C:\Users\micha\AppData\Roaming\JetBrains\PyCharmCE2024.2\plugins\robotframework-intellij\lib\robotframework_ls\vendored
  C:\Users\micha\AppData\Local\Programs\Python\Python312\python312.zip
  C:\Users\micha\AppData\Local\Programs\Python\Python312\DLLs
  C:\Users\micha\AppData\Local\Programs\Python\Python312\Lib
  C:\Users\micha\AppData\Local\Programs\Python\Python312
  C:\Users\micha\AppData\Local\Programs\Python\Python312\Lib\site-packages
  C:\Users\micha\AppData\Local\Programs\Python\Python312\Lib\site-packages\ssqaapitest-1.0-py3.12.egg
  C:\Users\micha\AppData\Local\Programs\Python\Python312\Lib\site-packages\woocommerce-2.1.1-py3.12.egg
  C:\Users\micha\AppData\Local\Programs\Python\Python312\Lib\site-packages\pymysql-0.9.3-py3.12.egg
  C:\Users\micha\AppData\Local\Programs\Python\Python312\Lib\site-packages\requests_oauthlib-1.3.0-py3.12.egg
  C:\Users\micha\AppData\Local\Programs\Python\Python312\Lib\site-packages\requests-2.23.0-py3.12.egg
  C:\Users\micha\AppData\Local\Programs\Python\Python312\Lib\site-packages\pytest_html-2.1.1-py3.12.egg
  C:\Users\micha\AppData\Local\Programs\Python\Python312\Lib\site-packages\pytest-5.4.2-py3.12.egg
  C:\Users\micha\AppData\Local\Programs\Python\Python312\Lib\site-packages\ordereddict-1.1-py3.12.egg
  C:\Users\micha\AppData\Local\Programs\Python\Python312\Lib\site-packages\oauthlib-3.2.2-py3.12.egg
  C:\Users\micha\AppData\Local\Programs\Python\Python312\Lib\site-packages\certifi-2024.6.2-py3.12.egg
  C:\Users\micha\AppData\Local\Programs\Python\Python312\Lib\site-packages\idna-2.10-py3.12.egg
  C:\Users\micha\AppData\Local\Programs\Python\Python312\Lib\site-packages\chardet-3.0.4-py3.12.egg
  C:\Users\micha\AppData\Local\Programs\Python\Python312\Lib\site-packages\pytest_metadata-3.1.1-py3.12.egg
  C:\Users\micha\AppData\Local\Programs\Python\Python312\Lib\site-packages\colorama-0.4.6-py3.12.egg
  C:\Users\micha\AppData\Local\Programs\Python\Python312\Lib\site-packages\atomicwrites-1.4.1-py3.12.egg
  C:\Users\micha\AppData\Local\Programs\Python\Python312\Lib\site-packages\wcwidth-0.2.13-py3.12.egg
  C:\Users\micha\AppData\Local\Programs\Python\Python312\Lib\site-packages\pluggy-0.13.1-py3.12.egg
  C:\Users\micha\AppData\Local\Programs\Python\Python312\Lib\site-packages\more_itertools-10.3.0-py3.12.egg
  C:\Users\micha\AppData\Local\Programs\Python\Python312\Lib\site-packages\attrs-23.2.0-py3.12.egg
  C:\Users\micha\AppData\Local\Programs\Python\Python312\Lib\site-packages\packaging-24.1-py3.12.egg
  C:\Users\micha\AppData\Local\Programs\Python\Python312\Lib\site-packages\py-1.11.0-py3.12.egg</msg>
</errors>
</robot>
